2025-08-11T22:00:11Z INF Loading spec(s) args=["aws_to_postgresql.yaml"] invocation_id=dcd9ccc5-0438-4609-a34b-66538df14df4 module=cli
2025-08-11T22:00:15Z INF Plugin server listening address=/var/folders/wx/wwj513_j22l4bq7hysvlj1sw0000gn/T/cq-uiMbcWtPBpAExEXm.sock module=aws-source plugin=cloudquery/source/aws@v32.36.0
2025-08-11T22:00:18Z INF Plugin server listening address=/var/folders/wx/wwj513_j22l4bq7hysvlj1sw0000gn/T/cq-MbIxBuOUxPDHDAaq.sock module=postgresql-destination plugin=cloudquery/destination/postgresql@v8.9.0
2025-08-11T22:00:19Z INF Testing source invocation_id=dcd9ccc5-0438-4609-a34b-66538df14df4 module=cli source="aws (cloudquery/aws@v32.36.0)"
2025-08-11T22:00:19Z INF started call grpc.component=server grpc.method=TestConnection grpc.method_type=unary grpc.service=cloudquery.plugin.v3.Plugin grpc.start_time=2025-08-11T17:00:19-05:00 grpc.time_ms=0.341 module=aws-source peer.address= protocol=grpc
2025-08-11T22:00:19Z INF All regions specified in `cloudquery.yml`. Assuming all regions account=default module=aws-source
2025-08-11T22:00:24Z ERR error retrieving credentials error="failed to refresh cached credentials, no EC2 IMDS role found, operation error ec2imds: GetMetadata, canceled, context deadline exceeded" account=default module=aws-source
2025-08-11T22:00:24Z WRN Could not retrieve credentials for account error="error retrieving AWS credentials (see logs for details). Please verify your credentials and try again" account=default module=aws-source
2025-08-11T22:00:24Z INF finished call grpc.code=OK grpc.component=server grpc.method=TestConnection grpc.method_type=unary grpc.service=cloudquery.plugin.v3.Plugin grpc.start_time=2025-08-11T17:00:19-05:00 grpc.time_ms=5019.182 module=aws-source peer.address= protocol=grpc
2025-08-11T22:00:24Z INF Testing destination destination="postgresql (cloudquery/postgresql@v8.9.0)" invocation_id=dcd9ccc5-0438-4609-a34b-66538df14df4 module=cli
2025-08-11T22:00:24Z INF started call grpc.component=server grpc.method=TestConnection grpc.method_type=unary grpc.service=cloudquery.plugin.v3.Plugin grpc.start_time=2025-08-11T17:00:24-05:00 grpc.time_ms=0.304 module=postgresql-destination peer.address= protocol=grpc
2025-08-11T22:00:24Z INF finished call grpc.code=OK grpc.component=server grpc.method=TestConnection grpc.method_type=unary grpc.service=cloudquery.plugin.v3.Plugin grpc.start_time=2025-08-11T17:00:24-05:00 grpc.time_ms=24.744 module=postgresql-destination peer.address= protocol=grpc
2025-08-11T22:00:24Z INF Test connection completed invocation_id=dcd9ccc5-0438-4609-a34b-66538df14df4 module=cli testresults=[{"failure_code":"UNAUTHORIZED","failure_description":"no AWS accounts were successfully configured. See warning messages in the logs for details","plugin_kind":"source","plugin_ref":"aws (cloudquery/aws@v32.36.0)","success":false},{"plugin_kind":"destination","plugin_ref":"postgresql (cloudquery/postgresql@v8.9.0)","success":true}]
2025-08-11T22:00:24Z INF waiting for source plugin to terminate invocation_id=dcd9ccc5-0438-4609-a34b-66538df14df4 module=cli
2025-08-11T22:00:24Z INF Got stop signal. Plugin server shutting down address=/var/folders/wx/wwj513_j22l4bq7hysvlj1sw0000gn/T/cq-MbIxBuOUxPDHDAaq.sock module=postgresql-destination signal=interrupt
2025-08-11T22:00:24Z INF waiting for source plugin to terminate invocation_id=dcd9ccc5-0438-4609-a34b-66538df14df4 module=cli
2025-08-11T22:00:24Z INF Got stop signal. Plugin server shutting down address=/var/folders/wx/wwj513_j22l4bq7hysvlj1sw0000gn/T/cq-uiMbcWtPBpAExEXm.sock module=aws-source signal=interrupt
2025-08-11T22:00:24Z ERR exiting with error error="at least one test connection failed" invocation_id=dcd9ccc5-0438-4609-a34b-66538df14df4 module=cli
2025-08-11T22:33:12Z INF Loading spec(s) args=["aws_to_postgresql.yaml"] invocation_id=978f27c9-de14-4ce9-93e0-0bf7b584c48f module=cli
2025-08-11T22:33:13Z INF Plugin server listening address=/var/folders/wx/wwj513_j22l4bq7hysvlj1sw0000gn/T/cq-CCiUFyFVbOshHTGe.sock module=aws-source plugin=cloudquery/source/aws@v32.36.0
2025-08-11T22:33:14Z INF Plugin server listening address=/var/folders/wx/wwj513_j22l4bq7hysvlj1sw0000gn/T/cq-wCtiqASeuODCOGdU.sock module=postgresql-destination plugin=cloudquery/destination/postgresql@v8.9.0
2025-08-11T22:33:15Z INF Testing source invocation_id=978f27c9-de14-4ce9-93e0-0bf7b584c48f module=cli source="aws (cloudquery/aws@v32.36.0)"
2025-08-11T22:33:15Z INF started call grpc.component=server grpc.method=TestConnection grpc.method_type=unary grpc.service=cloudquery.plugin.v3.Plugin grpc.start_time=2025-08-11T17:33:15-05:00 grpc.time_ms=0.25 module=aws-source peer.address= protocol=grpc
2025-08-11T22:33:15Z INF All regions specified in `cloudquery.yml`. Assuming all regions account=default module=aws-source
2025-08-11T22:33:20Z ERR error retrieving credentials error="failed to refresh cached credentials, no EC2 IMDS role found, operation error ec2imds: GetMetadata, canceled, context deadline exceeded" account=default module=aws-source
2025-08-11T22:33:20Z WRN Could not retrieve credentials for account error="error retrieving AWS credentials (see logs for details). Please verify your credentials and try again" account=default module=aws-source
2025-08-11T22:33:20Z INF finished call grpc.code=OK grpc.component=server grpc.method=TestConnection grpc.method_type=unary grpc.service=cloudquery.plugin.v3.Plugin grpc.start_time=2025-08-11T17:33:15-05:00 grpc.time_ms=5019.029 module=aws-source peer.address= protocol=grpc
2025-08-11T22:33:20Z INF Testing destination destination="postgresql (cloudquery/postgresql@v8.9.0)" invocation_id=978f27c9-de14-4ce9-93e0-0bf7b584c48f module=cli
2025-08-11T22:33:20Z INF started call grpc.component=server grpc.method=TestConnection grpc.method_type=unary grpc.service=cloudquery.plugin.v3.Plugin grpc.start_time=2025-08-11T17:33:20-05:00 grpc.time_ms=0.917 module=postgresql-destination peer.address= protocol=grpc
2025-08-11T22:33:20Z INF finished call grpc.code=OK grpc.component=server grpc.method=TestConnection grpc.method_type=unary grpc.service=cloudquery.plugin.v3.Plugin grpc.start_time=2025-08-11T17:33:20-05:00 grpc.time_ms=31.346 module=postgresql-destination peer.address= protocol=grpc
2025-08-11T22:33:20Z INF Test connection completed invocation_id=978f27c9-de14-4ce9-93e0-0bf7b584c48f module=cli testresults=[{"failure_code":"UNAUTHORIZED","failure_description":"no AWS accounts were successfully configured. See warning messages in the logs for details","plugin_kind":"source","plugin_ref":"aws (cloudquery/aws@v32.36.0)","success":false},{"plugin_kind":"destination","plugin_ref":"postgresql (cloudquery/postgresql@v8.9.0)","success":true}]
2025-08-11T22:33:20Z INF waiting for source plugin to terminate invocation_id=978f27c9-de14-4ce9-93e0-0bf7b584c48f module=cli
2025-08-11T22:33:20Z INF Got stop signal. Plugin server shutting down address=/var/folders/wx/wwj513_j22l4bq7hysvlj1sw0000gn/T/cq-wCtiqASeuODCOGdU.sock module=postgresql-destination signal=interrupt
2025-08-11T22:33:20Z INF waiting for source plugin to terminate invocation_id=978f27c9-de14-4ce9-93e0-0bf7b584c48f module=cli
2025-08-11T22:33:20Z INF Got stop signal. Plugin server shutting down address=/var/folders/wx/wwj513_j22l4bq7hysvlj1sw0000gn/T/cq-CCiUFyFVbOshHTGe.sock module=aws-source signal=interrupt
2025-08-11T22:33:20Z ERR exiting with error error="at least one test connection failed" invocation_id=978f27c9-de14-4ce9-93e0-0bf7b584c48f module=cli
2025-08-11T22:36:26Z INF Loading spec(s) args=["aws_to_postgresql.yaml"] invocation_id=d0cedb92-8a45-4db2-b668-c39b57a226dd module=cli
2025-08-11T22:36:26Z ERR exiting with error error="failed to load spec(s) from aws_to_postgresql.yaml. Error: failed to expand environment variable in file aws_to_postgresql.yaml (section 2): env variable POSTGRESQL_CONNECTION_STRING not found" invocation_id=d0cedb92-8a45-4db2-b668-c39b57a226dd module=cli
2025-08-11T22:36:28Z INF Loading spec(s) args=["aws_to_postgresql.yaml"] invocation_id=c50aa38c-2253-4129-aa1e-d5c3dd401d17 module=cli
2025-08-11T22:36:28Z ERR exiting with error error="failed to load spec(s) from aws_to_postgresql.yaml. Error: failed to expand environment variable in file aws_to_postgresql.yaml (section 2): env variable POSTGRESQL_CONNECTION_STRING not found" invocation_id=c50aa38c-2253-4129-aa1e-d5c3dd401d17 module=cli
2025-08-11T22:36:33Z INF Loading spec(s) args=["aws_to_postgresql.yaml"] invocation_id=68672b22-5871-4ef1-848d-0fcd0d2c725e module=cli
2025-08-11T22:36:33Z ERR exiting with error error="failed to load spec(s) from aws_to_postgresql.yaml. Error: failed to expand environment variable in file aws_to_postgresql.yaml (section 2): env variable POSTGRESQL_CONNECTION_STRING not found" invocation_id=68672b22-5871-4ef1-848d-0fcd0d2c725e module=cli
2025-08-11T22:37:22Z INF Loading spec(s) args=["aws_to_postgresql.yaml"] invocation_id=f8a0a959-2e97-4a5c-94ac-e28b03c0128c module=cli
2025-08-11T22:37:22Z ERR exiting with error error="failed to load spec(s) from aws_to_postgresql.yaml. Error: failed to expand environment variable in file aws_to_postgresql.yaml (section 2): env variable POSTGRESQL_CONNECTION_STRING not found" invocation_id=f8a0a959-2e97-4a5c-94ac-e28b03c0128c module=cli
2025-08-11T22:37:46Z INF Loading spec(s) args=["aws_to_postgresql.yaml"] invocation_id=df7dcd3f-2288-4a41-910e-1ee12bdcfdc3 module=cli
2025-08-11T22:37:46Z ERR exiting with error error="failed to load spec(s) from aws_to_postgresql.yaml. Error: failed to expand environment variable in file aws_to_postgresql.yaml (section 2): env variable POSTGRESQL_CONNECTION_STRING not found" invocation_id=df7dcd3f-2288-4a41-910e-1ee12bdcfdc3 module=cli
2025-08-11T22:38:06Z INF Loading spec(s) args=["aws_to_postgresql.yaml"] invocation_id=b0104c78-b2b4-483e-bb34-36605c1291b8 module=cli
2025-08-11T22:38:06Z ERR exiting with error error="failed to load spec(s) from aws_to_postgresql.yaml. Error: failed to expand environment variable in file aws_to_postgresql.yaml (section 2): env variable POSTGRESQL_CONNECTION_STRING not found" invocation_id=b0104c78-b2b4-483e-bb34-36605c1291b8 module=cli
2025-08-11T22:38:13Z INF Loading spec(s) args=["aws_to_postgresql.yaml"] invocation_id=1b36b6f5-3383-432e-9985-107ced08c045 module=cli
2025-08-11T22:38:14Z INF Plugin server listening address=/var/folders/wx/wwj513_j22l4bq7hysvlj1sw0000gn/T/cq-bEAJSFwOHljwbLeA.sock module=aws-source plugin=cloudquery/source/aws@v32.36.0
2025-08-11T22:38:15Z INF Plugin server listening address=/var/folders/wx/wwj513_j22l4bq7hysvlj1sw0000gn/T/cq-YBHcQeldFiqPSrkQ.sock module=postgresql-destination plugin=cloudquery/destination/postgresql@v8.9.0
2025-08-11T22:38:16Z INF Testing source invocation_id=1b36b6f5-3383-432e-9985-107ced08c045 module=cli source="aws (cloudquery/aws@v32.36.0)"
2025-08-11T22:38:16Z INF started call grpc.component=server grpc.method=TestConnection grpc.method_type=unary grpc.service=cloudquery.plugin.v3.Plugin grpc.start_time=2025-08-11T17:38:16-05:00 grpc.time_ms=0.755 module=aws-source peer.address= protocol=grpc
2025-08-11T22:38:16Z INF All regions specified in `cloudquery.yml`. Assuming all regions account=default module=aws-source
2025-08-11T22:38:21Z ERR error retrieving credentials error="failed to refresh cached credentials, no EC2 IMDS role found, operation error ec2imds: GetMetadata, canceled, context deadline exceeded" account=default module=aws-source
2025-08-11T22:38:21Z WRN Could not retrieve credentials for account error="error retrieving AWS credentials (see logs for details). Please verify your credentials and try again" account=default module=aws-source
2025-08-11T22:38:21Z INF finished call grpc.code=OK grpc.component=server grpc.method=TestConnection grpc.method_type=unary grpc.service=cloudquery.plugin.v3.Plugin grpc.start_time=2025-08-11T17:38:16-05:00 grpc.time_ms=5019.752 module=aws-source peer.address= protocol=grpc
2025-08-11T22:38:21Z INF Testing destination destination="postgresql (cloudquery/postgresql@v8.9.0)" invocation_id=1b36b6f5-3383-432e-9985-107ced08c045 module=cli
2025-08-11T22:38:21Z INF started call grpc.component=server grpc.method=TestConnection grpc.method_type=unary grpc.service=cloudquery.plugin.v3.Plugin grpc.start_time=2025-08-11T17:38:21-05:00 grpc.time_ms=0.299 module=postgresql-destination peer.address= protocol=grpc
2025-08-11T22:38:21Z INF finished call grpc.code=OK grpc.component=server grpc.method=TestConnection grpc.method_type=unary grpc.service=cloudquery.plugin.v3.Plugin grpc.start_time=2025-08-11T17:38:21-05:00 grpc.time_ms=20.589 module=postgresql-destination peer.address= protocol=grpc
2025-08-11T22:38:21Z INF Test connection completed invocation_id=1b36b6f5-3383-432e-9985-107ced08c045 module=cli testresults=[{"failure_code":"UNAUTHORIZED","failure_description":"no AWS accounts were successfully configured. See warning messages in the logs for details","plugin_kind":"source","plugin_ref":"aws (cloudquery/aws@v32.36.0)","success":false},{"plugin_kind":"destination","plugin_ref":"postgresql (cloudquery/postgresql@v8.9.0)","success":true}]
2025-08-11T22:38:21Z INF waiting for source plugin to terminate invocation_id=1b36b6f5-3383-432e-9985-107ced08c045 module=cli
2025-08-11T22:38:21Z INF Got stop signal. Plugin server shutting down address=/var/folders/wx/wwj513_j22l4bq7hysvlj1sw0000gn/T/cq-YBHcQeldFiqPSrkQ.sock module=postgresql-destination signal=interrupt
2025-08-11T22:38:21Z INF waiting for source plugin to terminate invocation_id=1b36b6f5-3383-432e-9985-107ced08c045 module=cli
2025-08-11T22:38:21Z INF Got stop signal. Plugin server shutting down address=/var/folders/wx/wwj513_j22l4bq7hysvlj1sw0000gn/T/cq-bEAJSFwOHljwbLeA.sock module=aws-source signal=interrupt
2025-08-11T22:38:21Z ERR exiting with error error="at least one test connection failed" invocation_id=1b36b6f5-3383-432e-9985-107ced08c045 module=cli
2025-08-11T22:38:24Z INF Loading spec(s) args=["aws_to_postgresql.yaml"] invocation_id=c3eda719-c383-446e-abd6-6bae5314e949 module=cli
2025-08-11T22:38:25Z INF Plugin server listening address=/var/folders/wx/wwj513_j22l4bq7hysvlj1sw0000gn/T/cq-DVbziKjXkJrlbKKe.sock module=aws-source plugin=cloudquery/source/aws@v32.36.0
2025-08-11T22:38:26Z INF Plugin server listening address=/var/folders/wx/wwj513_j22l4bq7hysvlj1sw0000gn/T/cq-ICDDUsKPuQenwIlX.sock module=postgresql-destination plugin=cloudquery/destination/postgresql@v8.9.0
2025-08-11T22:38:27Z INF started call grpc.component=server grpc.method=GetVersions grpc.method_type=unary grpc.service=cloudquery.discovery.v1.Discovery grpc.start_time=2025-08-11T17:38:27-05:00 grpc.time_ms=0.262 module=aws-source peer.address= protocol=grpc
2025-08-11T22:38:27Z INF finished call grpc.code=OK grpc.component=server grpc.method=GetVersions grpc.method_type=unary grpc.service=cloudquery.discovery.v1.Discovery grpc.start_time=2025-08-11T17:38:27-05:00 grpc.time_ms=0.302 module=aws-source peer.address= protocol=grpc
2025-08-11T22:38:27Z INF started call grpc.component=server grpc.method=GetVersions grpc.method_type=unary grpc.service=cloudquery.discovery.v1.Discovery grpc.start_time=2025-08-11T17:38:27-05:00 grpc.time_ms=0.227 module=postgresql-destination peer.address= protocol=grpc
2025-08-11T22:38:27Z INF finished call grpc.code=OK grpc.component=server grpc.method=GetVersions grpc.method_type=unary grpc.service=cloudquery.discovery.v1.Discovery grpc.start_time=2025-08-11T17:38:27-05:00 grpc.time_ms=0.265 module=postgresql-destination peer.address= protocol=grpc
2025-08-11T22:38:27Z INF Start migration destinations=["postgresql (cloudquery/postgresql@v8.9.0)"] invocation_id=c3eda719-c383-446e-abd6-6bae5314e949 migrate_time=2025-08-11T22:38:27Z module=cli source=aws transformers=[]
2025-08-11T22:38:27Z INF started call grpc.component=server grpc.method=Init grpc.method_type=unary grpc.service=cloudquery.plugin.v3.Plugin grpc.start_time=2025-08-11T17:38:27-05:00 grpc.time_ms=0.007 module=postgresql-destination peer.address= protocol=grpc
2025-08-11T22:38:27Z INF Initializing postgresql destination invocation_id=c3eda719-c383-446e-abd6-6bae5314e949 module=pg-dest pgx_log_level=error
2025-08-11T22:38:27Z INF finished call grpc.code=OK grpc.component=server grpc.method=Init grpc.method_type=unary grpc.service=cloudquery.plugin.v3.Plugin grpc.start_time=2025-08-11T17:38:27-05:00 grpc.time_ms=18.959 module=postgresql-destination peer.address= protocol=grpc
2025-08-11T22:38:27Z INF started call grpc.component=server grpc.method=Init grpc.method_type=unary grpc.service=cloudquery.plugin.v3.Plugin grpc.start_time=2025-08-11T17:38:27-05:00 grpc.time_ms=0.009 module=aws-source peer.address= protocol=grpc
2025-08-11T22:38:27Z INF finished call grpc.code=OK grpc.component=server grpc.method=Init grpc.method_type=unary grpc.service=cloudquery.plugin.v3.Plugin grpc.start_time=2025-08-11T17:38:27-05:00 grpc.time_ms=239.709 module=aws-source peer.address= protocol=grpc
2025-08-11T22:38:27Z INF Start fetching resources destinations=["postgresql (cloudquery/postgresql@v8.9.0)"] invocation_id=c3eda719-c383-446e-abd6-6bae5314e949 module=cli source="aws (cloudquery/aws@v32.36.0)"
2025-08-11T22:38:27Z INF started call grpc.component=server grpc.method=GetTables grpc.method_type=unary grpc.service=cloudquery.plugin.v3.Plugin grpc.start_time=2025-08-11T17:38:27-05:00 grpc.time_ms=0.005 module=aws-source peer.address= protocol=grpc
2025-08-11T22:38:27Z INF finished call grpc.code=OK grpc.component=server grpc.method=GetTables grpc.method_type=unary grpc.service=cloudquery.plugin.v3.Plugin grpc.start_time=2025-08-11T17:38:27-05:00 grpc.time_ms=0.909 module=aws-source peer.address= protocol=grpc
2025-08-11T22:38:27Z INF started call grpc.component=server grpc.method=Write grpc.method_type=client_stream grpc.service=cloudquery.plugin.v3.Plugin grpc.start_time=2025-08-11T17:38:27-05:00 grpc.time_ms=3.474 module=postgresql-destination peer.address= protocol=grpc
2025-08-11T22:38:27Z ERR finished call grpc.code=Internal grpc.component=server grpc.error="rpc error: code = Internal desc = write failed: \nCan't migrate tables automatically, migrate manually or consider using 'migrate_mode: forced'. Non auto migratable tables changes:\n\naws_ec2_instances:\n  - Column \"_cq_parent_id\" added with type \"uuid\"\n  - Column \"_cq_source_name\" added with type \"utf8\"\n  - Column \"ami_launch_index\" added with type \"int64\"\n  - Column \"architecture\" added with type \"utf8\"\n  - Column \"arn\" added with type \"utf8\"\n  - Column \"block_device_mappings\" added with type \"json\"\n  - Column \"boot_mode\" added with type \"utf8\"\n  - Column \"capacity_reservation_id\" added with type \"utf8\"\n  - Column \"capacity_reservation_specification\" added with type \"json\"\n  - Column \"client_token\" added with type \"utf8\"\n  - Column \"cpu_options\" added with type \"json\"\n  - Column \"current_instance_boot_mode\" added with type \"utf8\"\n  - Column \"ebs_optimized\" added with type \"bool\"\n  - Column \"elastic_gpu_associations\" added with type \"json\"\n  - Column \"elastic_inference_accelerator_associations\" added with type \"json\"\n  - Column \"ena_support\" added with type \"bool\"\n  - Column \"enclave_options\" added with type \"json\"\n  - Column \"hibernation_options\" added with type \"json\"\n  - Column \"hypervisor\" added with type \"utf8\"\n  - Column \"iam_instance_profile\" added with type \"json\"\n  - Column \"image_id\" added with type \"utf8\"\n  - Column \"instance_lifecycle\" added with type \"utf8\"\n  - Column \"ipv6_address\" added with type \"utf8\"\n  - Column \"kernel_id\" added with type \"utf8\"\n  - Column \"key_name\" added with type \"utf8\"\n  - Column \"licenses\" added with type \"json\"\n  - Column \"maintenance_options\" added with type \"json\"\n  - Column \"metadata_options\" added with type \"json\"\n  - Column \"monitoring\" added with type \"json\"\n  - Column \"network_interfaces\" added with type \"json\"\n  - Column \"network_performance_options\" added with type \"json\"\n  - Column \"operator\" added with type \"json\"\n  - Column \"outpost_arn\" added with type \"utf8\"\n  - Column \"placement\" added with type \"json\"\n  - Column \"platform\" added with type \"utf8\"\n  - Column \"platform_details\" added with type \"utf8\"\n  - Column \"private_dns_name\" added with type \"utf8\"\n  - Column \"private_dns_name_options\" added with type \"json\"\n  - Column \"product_codes\" added with type \"json\"\n  - Column \"public_dns_name\" added with type \"utf8\"\n  - Column \"ramdisk_id\" added with type \"utf8\"\n  - Column \"root_device_name\" added with type \"utf8\"\n  - Column \"root_device_type\" added with type \"utf8\"\n  - Column \"source_dest_check\" added with type \"bool\"\n  - Column \"spot_instance_request_id\" added with type \"utf8\"\n  - Column \"sriov_net_support\" added with type \"utf8\"\n  - Column \"state_reason\" added with type \"json\"\n  - Column \"state_transition_reason\" added with type \"utf8\"\n  - Column \"state_transition_reason_time\" added with type \"timestamp[us, tz=UTC]\"\n  - Column \"tpm_support\" added with type \"utf8\"\n  - Column \"usage_operation\" added with type \"utf8\"\n  - Column \"usage_operation_update_time\" added with type \"timestamp[us, tz=UTC]\"\n  - Column \"virtualization_type\" added with type \"utf8\"\n  - Type changed from \"inet\" to \"utf8\" for column \"private_ip_address\"\n  - Type changed from \"inet\" to \"utf8\" for column \"public_ip_address\"\n  - Type changed from \"utf8\" to \"json\" for column \"state\"" grpc.method=Write grpc.method_type=client_stream grpc.service=cloudquery.plugin.v3.Plugin grpc.start_time=2025-08-11T17:38:27-05:00 grpc.time_ms=22.598 module=postgresql-destination peer.address= protocol=grpc
2025-08-11T22:38:27Z INF End migration destinations=["postgresql (cloudquery/postgresql@v8.9.0)"] invocation_id=c3eda719-c383-446e-abd6-6bae5314e949 migrate_time=2025-08-11T22:38:27Z module=cli source=aws transformers=[]
2025-08-11T22:38:27Z INF waiting for source plugin to terminate invocation_id=c3eda719-c383-446e-abd6-6bae5314e949 module=cli
2025-08-11T22:38:27Z INF Got stop signal. Plugin server shutting down address=/var/folders/wx/wwj513_j22l4bq7hysvlj1sw0000gn/T/cq-ICDDUsKPuQenwIlX.sock module=postgresql-destination signal=interrupt
2025-08-11T22:38:27Z INF waiting for source plugin to terminate invocation_id=c3eda719-c383-446e-abd6-6bae5314e949 module=cli
2025-08-11T22:38:27Z INF Got stop signal. Plugin server shutting down address=/var/folders/wx/wwj513_j22l4bq7hysvlj1sw0000gn/T/cq-DVbziKjXkJrlbKKe.sock module=aws-source signal=interrupt
2025-08-11T22:38:27Z ERR exiting with error error="failed to migrate v3 source aws: rpc error: code = Internal desc = write failed: \nCan't migrate tables automatically, migrate manually or consider using 'migrate_mode: forced'. Non auto migratable tables changes:\n\naws_ec2_instances:\n  - Column \"_cq_parent_id\" added with type \"uuid\"\n  - Column \"_cq_source_name\" added with type \"utf8\"\n  - Column \"ami_launch_index\" added with type \"int64\"\n  - Column \"architecture\" added with type \"utf8\"\n  - Column \"arn\" added with type \"utf8\"\n  - Column \"block_device_mappings\" added with type \"json\"\n  - Column \"boot_mode\" added with type \"utf8\"\n  - Column \"capacity_reservation_id\" added with type \"utf8\"\n  - Column \"capacity_reservation_specification\" added with type \"json\"\n  - Column \"client_token\" added with type \"utf8\"\n  - Column \"cpu_options\" added with type \"json\"\n  - Column \"current_instance_boot_mode\" added with type \"utf8\"\n  - Column \"ebs_optimized\" added with type \"bool\"\n  - Column \"elastic_gpu_associations\" added with type \"json\"\n  - Column \"elastic_inference_accelerator_associations\" added with type \"json\"\n  - Column \"ena_support\" added with type \"bool\"\n  - Column \"enclave_options\" added with type \"json\"\n  - Column \"hibernation_options\" added with type \"json\"\n  - Column \"hypervisor\" added with type \"utf8\"\n  - Column \"iam_instance_profile\" added with type \"json\"\n  - Column \"image_id\" added with type \"utf8\"\n  - Column \"instance_lifecycle\" added with type \"utf8\"\n  - Column \"ipv6_address\" added with type \"utf8\"\n  - Column \"kernel_id\" added with type \"utf8\"\n  - Column \"key_name\" added with type \"utf8\"\n  - Column \"licenses\" added with type \"json\"\n  - Column \"maintenance_options\" added with type \"json\"\n  - Column \"metadata_options\" added with type \"json\"\n  - Column \"monitoring\" added with type \"json\"\n  - Column \"network_interfaces\" added with type \"json\"\n  - Column \"network_performance_options\" added with type \"json\"\n  - Column \"operator\" added with type \"json\"\n  - Column \"outpost_arn\" added with type \"utf8\"\n  - Column \"placement\" added with type \"json\"\n  - Column \"platform\" added with type \"utf8\"\n  - Column \"platform_details\" added with type \"utf8\"\n  - Column \"private_dns_name\" added with type \"utf8\"\n  - Column \"private_dns_name_options\" added with type \"json\"\n  - Column \"product_codes\" added with type \"json\"\n  - Column \"public_dns_name\" added with type \"utf8\"\n  - Column \"ramdisk_id\" added with type \"utf8\"\n  - Column \"root_device_name\" added with type \"utf8\"\n  - Column \"root_device_type\" added with type \"utf8\"\n  - Column \"source_dest_check\" added with type \"bool\"\n  - Column \"spot_instance_request_id\" added with type \"utf8\"\n  - Column \"sriov_net_support\" added with type \"utf8\"\n  - Column \"state_reason\" added with type \"json\"\n  - Column \"state_transition_reason\" added with type \"utf8\"\n  - Column \"state_transition_reason_time\" added with type \"timestamp[us, tz=UTC]\"\n  - Column \"tpm_support\" added with type \"utf8\"\n  - Column \"usage_operation\" added with type \"utf8\"\n  - Column \"usage_operation_update_time\" added with type \"timestamp[us, tz=UTC]\"\n  - Column \"virtualization_type\" added with type \"utf8\"\n  - Type changed from \"inet\" to \"utf8\" for column \"private_ip_address\"\n  - Type changed from \"inet\" to \"utf8\" for column \"public_ip_address\"\n  - Type changed from \"utf8\" to \"json\" for column \"state\"" invocation_id=c3eda719-c383-446e-abd6-6bae5314e949 module=cli
2025-08-11T22:38:50Z INF Loading spec(s) args=["aws_to_postgresql.yaml"] invocation_id=865d2611-4631-421b-bb05-999af19638f6 module=cli
2025-08-11T22:38:51Z INF Plugin server listening address=/var/folders/wx/wwj513_j22l4bq7hysvlj1sw0000gn/T/cq-tNPIVuOefenqhTuc.sock module=aws-source plugin=cloudquery/source/aws@v32.36.0
2025-08-11T22:38:52Z INF Plugin server listening address=/var/folders/wx/wwj513_j22l4bq7hysvlj1sw0000gn/T/cq-OVUOGGZMRqfjmthX.sock module=postgresql-destination plugin=cloudquery/destination/postgresql@v8.9.0
2025-08-11T22:38:53Z INF started call grpc.component=server grpc.method=GetVersions grpc.method_type=unary grpc.service=cloudquery.discovery.v1.Discovery grpc.start_time=2025-08-11T17:38:53-05:00 grpc.time_ms=0.19 module=aws-source peer.address= protocol=grpc
2025-08-11T22:38:53Z INF finished call grpc.code=OK grpc.component=server grpc.method=GetVersions grpc.method_type=unary grpc.service=cloudquery.discovery.v1.Discovery grpc.start_time=2025-08-11T17:38:53-05:00 grpc.time_ms=0.221 module=aws-source peer.address= protocol=grpc
2025-08-11T22:38:53Z INF started call grpc.component=server grpc.method=GetVersions grpc.method_type=unary grpc.service=cloudquery.discovery.v1.Discovery grpc.start_time=2025-08-11T17:38:53-05:00 grpc.time_ms=0.157 module=postgresql-destination peer.address= protocol=grpc
2025-08-11T22:38:53Z INF finished call grpc.code=OK grpc.component=server grpc.method=GetVersions grpc.method_type=unary grpc.service=cloudquery.discovery.v1.Discovery grpc.start_time=2025-08-11T17:38:53-05:00 grpc.time_ms=0.189 module=postgresql-destination peer.address= protocol=grpc
2025-08-11T22:38:53Z INF Start migration destinations=["postgresql (cloudquery/postgresql@v8.9.0)"] invocation_id=865d2611-4631-421b-bb05-999af19638f6 migrate_time=2025-08-11T22:38:53Z module=cli source=aws transformers=[]
2025-08-11T22:38:53Z INF started call grpc.component=server grpc.method=Init grpc.method_type=unary grpc.service=cloudquery.plugin.v3.Plugin grpc.start_time=2025-08-11T17:38:53-05:00 grpc.time_ms=0.004 module=postgresql-destination peer.address= protocol=grpc
2025-08-11T22:38:53Z INF Initializing postgresql destination invocation_id=865d2611-4631-421b-bb05-999af19638f6 module=pg-dest pgx_log_level=error
2025-08-11T22:38:53Z INF finished call grpc.code=OK grpc.component=server grpc.method=Init grpc.method_type=unary grpc.service=cloudquery.plugin.v3.Plugin grpc.start_time=2025-08-11T17:38:53-05:00 grpc.time_ms=18.829 module=postgresql-destination peer.address= protocol=grpc
2025-08-11T22:38:53Z INF started call grpc.component=server grpc.method=Init grpc.method_type=unary grpc.service=cloudquery.plugin.v3.Plugin grpc.start_time=2025-08-11T17:38:53-05:00 grpc.time_ms=0.01 module=aws-source peer.address= protocol=grpc
2025-08-11T22:38:53Z INF finished call grpc.code=OK grpc.component=server grpc.method=Init grpc.method_type=unary grpc.service=cloudquery.plugin.v3.Plugin grpc.start_time=2025-08-11T17:38:53-05:00 grpc.time_ms=221.438 module=aws-source peer.address= protocol=grpc
2025-08-11T22:38:53Z INF Start fetching resources destinations=["postgresql (cloudquery/postgresql@v8.9.0)"] invocation_id=865d2611-4631-421b-bb05-999af19638f6 module=cli source="aws (cloudquery/aws@v32.36.0)"
2025-08-11T22:38:53Z INF started call grpc.component=server grpc.method=GetTables grpc.method_type=unary grpc.service=cloudquery.plugin.v3.Plugin grpc.start_time=2025-08-11T17:38:53-05:00 grpc.time_ms=0.005 module=aws-source peer.address= protocol=grpc
2025-08-11T22:38:53Z INF finished call grpc.code=OK grpc.component=server grpc.method=GetTables grpc.method_type=unary grpc.service=cloudquery.plugin.v3.Plugin grpc.start_time=2025-08-11T17:38:53-05:00 grpc.time_ms=0.574 module=aws-source peer.address= protocol=grpc
2025-08-11T22:38:53Z INF started call grpc.component=server grpc.method=Write grpc.method_type=client_stream grpc.service=cloudquery.plugin.v3.Plugin grpc.start_time=2025-08-11T17:38:53-05:00 grpc.time_ms=2.87 module=postgresql-destination peer.address= protocol=grpc
2025-08-11T22:38:53Z INF Migrating table invocation_id=865d2611-4631-421b-bb05-999af19638f6 module=pg-dest table=aws_ec2_instances
2025-08-11T22:38:53Z INF finished call grpc.code=OK grpc.component=server grpc.method=Write grpc.method_type=client_stream grpc.service=cloudquery.plugin.v3.Plugin grpc.start_time=2025-08-11T17:38:53-05:00 grpc.time_ms=25.01 module=postgresql-destination peer.address= protocol=grpc
2025-08-11T22:38:53Z INF started call grpc.component=server grpc.method=Close grpc.method_type=unary grpc.service=cloudquery.plugin.v3.Plugin grpc.start_time=2025-08-11T17:38:53-05:00 grpc.time_ms=0.003 module=postgresql-destination peer.address= protocol=grpc
2025-08-11T22:38:53Z INF finished call grpc.code=OK grpc.component=server grpc.method=Close grpc.method_type=unary grpc.service=cloudquery.plugin.v3.Plugin grpc.start_time=2025-08-11T17:38:53-05:00 grpc.time_ms=0.453 module=postgresql-destination peer.address= protocol=grpc
2025-08-11T22:38:53Z INF Migration completed successfully destinations=["postgresql"] invocation_id=865d2611-4631-421b-bb05-999af19638f6 module=cli source=aws time_took=0.267435
2025-08-11T22:38:53Z INF End migration destinations=["postgresql (cloudquery/postgresql@v8.9.0)"] invocation_id=865d2611-4631-421b-bb05-999af19638f6 migrate_time=2025-08-11T22:38:53Z module=cli source=aws transformers=[]
2025-08-11T22:38:53Z INF waiting for source plugin to terminate invocation_id=865d2611-4631-421b-bb05-999af19638f6 module=cli
2025-08-11T22:38:53Z INF Got stop signal. Plugin server shutting down address=/var/folders/wx/wwj513_j22l4bq7hysvlj1sw0000gn/T/cq-OVUOGGZMRqfjmthX.sock module=postgresql-destination signal=interrupt
2025-08-11T22:38:53Z INF waiting for source plugin to terminate invocation_id=865d2611-4631-421b-bb05-999af19638f6 module=cli
2025-08-11T22:38:53Z INF Got stop signal. Plugin server shutting down address=/var/folders/wx/wwj513_j22l4bq7hysvlj1sw0000gn/T/cq-tNPIVuOefenqhTuc.sock module=aws-source signal=interrupt
2025-08-11T22:39:04Z INF Loading spec(s) args=["aws_to_postgresql.yaml"] invocation_id=f4d28beb-46c5-4244-a319-f0534d3db351 module=cli
2025-08-11T22:39:05Z INF Plugin server listening address=/var/folders/wx/wwj513_j22l4bq7hysvlj1sw0000gn/T/cq-QSJxibAPWdzsZRZA.sock module=aws-source plugin=cloudquery/source/aws@v32.36.0
2025-08-11T22:39:07Z INF Plugin server listening address=/var/folders/wx/wwj513_j22l4bq7hysvlj1sw0000gn/T/cq-LpdlLLAuiIMCoqcd.sock module=postgresql-destination plugin=cloudquery/destination/postgresql@v8.9.0
2025-08-11T22:39:08Z INF started call grpc.component=server grpc.method=GetVersions grpc.method_type=unary grpc.service=cloudquery.discovery.v1.Discovery grpc.start_time=2025-08-11T17:39:08-05:00 grpc.time_ms=0.32 module=aws-source peer.address= protocol=grpc
2025-08-11T22:39:08Z INF finished call grpc.code=OK grpc.component=server grpc.method=GetVersions grpc.method_type=unary grpc.service=cloudquery.discovery.v1.Discovery grpc.start_time=2025-08-11T17:39:08-05:00 grpc.time_ms=0.367 module=aws-source peer.address= protocol=grpc
2025-08-11T22:39:08Z INF started call grpc.component=server grpc.method=GetVersions grpc.method_type=unary grpc.service=cloudquery.discovery.v1.Discovery grpc.start_time=2025-08-11T17:39:08-05:00 grpc.time_ms=0.235 module=postgresql-destination peer.address= protocol=grpc
2025-08-11T22:39:08Z INF finished call grpc.code=OK grpc.component=server grpc.method=GetVersions grpc.method_type=unary grpc.service=cloudquery.discovery.v1.Discovery grpc.start_time=2025-08-11T17:39:08-05:00 grpc.time_ms=0.271 module=postgresql-destination peer.address= protocol=grpc
2025-08-11T22:39:08Z INF Start sync destinations=["postgresql (cloudquery/postgresql@v8.9.0)"] invocation_id=f4d28beb-46c5-4244-a319-f0534d3db351 module=cli source="aws (cloudquery/aws@v32.36.0)" sync_time=2025-08-11T22:39:08Z transformers=[]
2025-08-11T22:39:08Z INF started call grpc.component=server grpc.method=Init grpc.method_type=unary grpc.service=cloudquery.plugin.v3.Plugin grpc.start_time=2025-08-11T17:39:08-05:00 grpc.time_ms=0.011 module=postgresql-destination peer.address= protocol=grpc
2025-08-11T22:39:08Z INF Initializing postgresql destination invocation_id=f4d28beb-46c5-4244-a319-f0534d3db351 module=pg-dest pgx_log_level=error
2025-08-11T22:39:08Z INF finished call grpc.code=OK grpc.component=server grpc.method=Init grpc.method_type=unary grpc.service=cloudquery.plugin.v3.Plugin grpc.start_time=2025-08-11T17:39:08-05:00 grpc.time_ms=17.37 module=postgresql-destination peer.address= protocol=grpc
2025-08-11T22:39:08Z INF started call grpc.component=server grpc.method=Init grpc.method_type=unary grpc.service=cloudquery.plugin.v3.Plugin grpc.start_time=2025-08-11T17:39:08-05:00 grpc.time_ms=0.008 module=aws-source peer.address= protocol=grpc
2025-08-11T22:39:08Z INF All regions specified in `cloudquery.yml`. Assuming all regions account=default invocation_id=f4d28beb-46c5-4244-a319-f0534d3db351 module=aws-source
2025-08-11T22:39:13Z ERR error retrieving credentials error="failed to refresh cached credentials, no EC2 IMDS role found, operation error ec2imds: GetMetadata, canceled, context deadline exceeded" account=default invocation_id=f4d28beb-46c5-4244-a319-f0534d3db351 module=aws-source
2025-08-11T22:39:13Z WRN Could not retrieve credentials for account error="error retrieving AWS credentials (see logs for details). Please verify your credentials and try again" account=default invocation_id=f4d28beb-46c5-4244-a319-f0534d3db351 module=aws-source
2025-08-11T22:39:13Z ERR finished call grpc.code=Internal grpc.component=server grpc.error="rpc error: code = Internal desc = failed to init plugin: failed to initialize client: no AWS accounts were successfully configured. See warning messages in the logs for details" grpc.method=Init grpc.method_type=unary grpc.service=cloudquery.plugin.v3.Plugin grpc.start_time=2025-08-11T17:39:08-05:00 grpc.time_ms=5225.784 module=aws-source peer.address= protocol=grpc
2025-08-11T22:39:13Z INF End sync destinations=["postgresql (cloudquery/postgresql@v8.9.0)"] invocation_id=f4d28beb-46c5-4244-a319-f0534d3db351 module=cli source="aws (cloudquery/aws@v32.36.0)" sync_time=2025-08-11T22:39:08Z transformers=[]
2025-08-11T22:39:13Z INF Sending sync summary to analyticsv1.cloudquery.io:443 invocation_id=f4d28beb-46c5-4244-a319-f0534d3db351 module=cli
2025-08-11T22:39:13Z INF waiting for source plugin to terminate invocation_id=f4d28beb-46c5-4244-a319-f0534d3db351 module=cli
2025-08-11T22:39:13Z INF Got stop signal. Plugin server shutting down address=/var/folders/wx/wwj513_j22l4bq7hysvlj1sw0000gn/T/cq-LpdlLLAuiIMCoqcd.sock module=postgresql-destination signal=interrupt
2025-08-11T22:39:13Z INF waiting for source plugin to terminate invocation_id=f4d28beb-46c5-4244-a319-f0534d3db351 module=cli
2025-08-11T22:39:13Z INF Got stop signal. Plugin server shutting down address=/var/folders/wx/wwj513_j22l4bq7hysvlj1sw0000gn/T/cq-QSJxibAPWdzsZRZA.sock module=aws-source signal=interrupt
2025-08-11T22:39:13Z ERR exiting with error error="failed to sync v3 source aws: failed to init source aws: rpc error: code = Internal desc = failed to init plugin: failed to initialize client: no AWS accounts were successfully configured. See warning messages in the logs for details" invocation_id=f4d28beb-46c5-4244-a319-f0534d3db351 module=cli
2025-08-11T22:41:22Z INF Loading spec(s) args=["aws_to_postgresql.yaml"] invocation_id=3a8a055d-4afe-45b9-b10e-5875d9efae8f module=cli
2025-08-11T22:41:24Z INF Plugin server listening address=/var/folders/wx/wwj513_j22l4bq7hysvlj1sw0000gn/T/cq-aDHkrOJKpbjjZCbY.sock module=aws-source plugin=cloudquery/source/aws@v32.36.0
2025-08-11T22:41:25Z INF Plugin server listening address=/var/folders/wx/wwj513_j22l4bq7hysvlj1sw0000gn/T/cq-dytJLBwnPwamPHMB.sock module=postgresql-destination plugin=cloudquery/destination/postgresql@v8.9.0
2025-08-11T22:41:26Z INF started call grpc.component=server grpc.method=GetVersions grpc.method_type=unary grpc.service=cloudquery.discovery.v1.Discovery grpc.start_time=2025-08-11T17:41:26-05:00 grpc.time_ms=0.506 module=aws-source peer.address= protocol=grpc
2025-08-11T22:41:26Z INF finished call grpc.code=OK grpc.component=server grpc.method=GetVersions grpc.method_type=unary grpc.service=cloudquery.discovery.v1.Discovery grpc.start_time=2025-08-11T17:41:26-05:00 grpc.time_ms=0.562 module=aws-source peer.address= protocol=grpc
2025-08-11T22:41:26Z INF started call grpc.component=server grpc.method=GetVersions grpc.method_type=unary grpc.service=cloudquery.discovery.v1.Discovery grpc.start_time=2025-08-11T17:41:26-05:00 grpc.time_ms=0.246 module=postgresql-destination peer.address= protocol=grpc
2025-08-11T22:41:26Z INF finished call grpc.code=OK grpc.component=server grpc.method=GetVersions grpc.method_type=unary grpc.service=cloudquery.discovery.v1.Discovery grpc.start_time=2025-08-11T17:41:26-05:00 grpc.time_ms=0.298 module=postgresql-destination peer.address= protocol=grpc
2025-08-11T22:41:26Z INF Start migration destinations=["postgresql (cloudquery/postgresql@v8.9.0)"] invocation_id=3a8a055d-4afe-45b9-b10e-5875d9efae8f migrate_time=2025-08-11T22:41:26Z module=cli source=aws transformers=[]
2025-08-11T22:41:26Z INF started call grpc.component=server grpc.method=Init grpc.method_type=unary grpc.service=cloudquery.plugin.v3.Plugin grpc.start_time=2025-08-11T17:41:26-05:00 grpc.time_ms=0.005 module=postgresql-destination peer.address= protocol=grpc
2025-08-11T22:41:26Z INF Initializing postgresql destination invocation_id=3a8a055d-4afe-45b9-b10e-5875d9efae8f module=pg-dest pgx_log_level=error
2025-08-11T22:41:26Z INF finished call grpc.code=OK grpc.component=server grpc.method=Init grpc.method_type=unary grpc.service=cloudquery.plugin.v3.Plugin grpc.start_time=2025-08-11T17:41:26-05:00 grpc.time_ms=21.527 module=postgresql-destination peer.address= protocol=grpc
2025-08-11T22:41:26Z INF started call grpc.component=server grpc.method=Init grpc.method_type=unary grpc.service=cloudquery.plugin.v3.Plugin grpc.start_time=2025-08-11T17:41:26-05:00 grpc.time_ms=0.007 module=aws-source peer.address= protocol=grpc
2025-08-11T22:41:26Z INF finished call grpc.code=OK grpc.component=server grpc.method=Init grpc.method_type=unary grpc.service=cloudquery.plugin.v3.Plugin grpc.start_time=2025-08-11T17:41:26-05:00 grpc.time_ms=230.889 module=aws-source peer.address= protocol=grpc
2025-08-11T22:41:26Z INF Start fetching resources destinations=["postgresql (cloudquery/postgresql@v8.9.0)"] invocation_id=3a8a055d-4afe-45b9-b10e-5875d9efae8f module=cli source="aws (cloudquery/aws@v32.36.0)"
2025-08-11T22:41:26Z INF started call grpc.component=server grpc.method=GetTables grpc.method_type=unary grpc.service=cloudquery.plugin.v3.Plugin grpc.start_time=2025-08-11T17:41:26-05:00 grpc.time_ms=0.005 module=aws-source peer.address= protocol=grpc
2025-08-11T22:41:26Z INF finished call grpc.code=OK grpc.component=server grpc.method=GetTables grpc.method_type=unary grpc.service=cloudquery.plugin.v3.Plugin grpc.start_time=2025-08-11T17:41:26-05:00 grpc.time_ms=1.008 module=aws-source peer.address= protocol=grpc
2025-08-11T22:41:26Z INF started call grpc.component=server grpc.method=Write grpc.method_type=client_stream grpc.service=cloudquery.plugin.v3.Plugin grpc.start_time=2025-08-11T17:41:26-05:00 grpc.time_ms=3.429 module=postgresql-destination peer.address= protocol=grpc
2025-08-11T22:41:26Z INF Migrating table invocation_id=3a8a055d-4afe-45b9-b10e-5875d9efae8f module=pg-dest table=aws_ec2_instances
2025-08-11T22:41:26Z INF Table exists, auto-migrating invocation_id=3a8a055d-4afe-45b9-b10e-5875d9efae8f module=pg-dest table=aws_ec2_instances
2025-08-11T22:41:26Z INF finished call grpc.code=OK grpc.component=server grpc.method=Write grpc.method_type=client_stream grpc.service=cloudquery.plugin.v3.Plugin grpc.start_time=2025-08-11T17:41:26-05:00 grpc.time_ms=20.468 module=postgresql-destination peer.address= protocol=grpc
2025-08-11T22:41:26Z INF started call grpc.component=server grpc.method=Close grpc.method_type=unary grpc.service=cloudquery.plugin.v3.Plugin grpc.start_time=2025-08-11T17:41:26-05:00 grpc.time_ms=0.004 module=postgresql-destination peer.address= protocol=grpc
2025-08-11T22:41:26Z INF finished call grpc.code=OK grpc.component=server grpc.method=Close grpc.method_type=unary grpc.service=cloudquery.plugin.v3.Plugin grpc.start_time=2025-08-11T17:41:26-05:00 grpc.time_ms=0.278 module=postgresql-destination peer.address= protocol=grpc
2025-08-11T22:41:26Z INF Migration completed successfully destinations=["postgresql"] invocation_id=3a8a055d-4afe-45b9-b10e-5875d9efae8f module=cli source=aws time_took=0.27492
2025-08-11T22:41:26Z INF End migration destinations=["postgresql (cloudquery/postgresql@v8.9.0)"] invocation_id=3a8a055d-4afe-45b9-b10e-5875d9efae8f migrate_time=2025-08-11T22:41:26Z module=cli source=aws transformers=[]
2025-08-11T22:41:26Z INF waiting for source plugin to terminate invocation_id=3a8a055d-4afe-45b9-b10e-5875d9efae8f module=cli
2025-08-11T22:41:26Z INF Got stop signal. Plugin server shutting down address=/var/folders/wx/wwj513_j22l4bq7hysvlj1sw0000gn/T/cq-dytJLBwnPwamPHMB.sock module=postgresql-destination signal=interrupt
2025-08-11T22:41:26Z INF waiting for source plugin to terminate invocation_id=3a8a055d-4afe-45b9-b10e-5875d9efae8f module=cli
2025-08-11T22:41:26Z INF Got stop signal. Plugin server shutting down address=/var/folders/wx/wwj513_j22l4bq7hysvlj1sw0000gn/T/cq-aDHkrOJKpbjjZCbY.sock module=aws-source signal=interrupt
2025-08-11T22:44:00Z INF Loading spec(s) args=["aws_to_postgresql.yaml"] invocation_id=8a8451ac-95e2-45b3-a117-a0d2ac06cec3 module=cli
2025-08-11T22:44:01Z INF Plugin server listening address=/var/folders/wx/wwj513_j22l4bq7hysvlj1sw0000gn/T/cq-HBpHYNoolEhYLOQK.sock module=aws-source plugin=cloudquery/source/aws@v32.36.0
2025-08-11T22:44:02Z INF Plugin server listening address=/var/folders/wx/wwj513_j22l4bq7hysvlj1sw0000gn/T/cq-DEKbqSWYRyJCUoSz.sock module=postgresql-destination plugin=cloudquery/destination/postgresql@v8.9.0
2025-08-11T22:44:03Z INF started call grpc.component=server grpc.method=GetVersions grpc.method_type=unary grpc.service=cloudquery.discovery.v1.Discovery grpc.start_time=2025-08-11T17:44:03-05:00 grpc.time_ms=0.869 module=aws-source peer.address= protocol=grpc
2025-08-11T22:44:03Z INF finished call grpc.code=OK grpc.component=server grpc.method=GetVersions grpc.method_type=unary grpc.service=cloudquery.discovery.v1.Discovery grpc.start_time=2025-08-11T17:44:03-05:00 grpc.time_ms=1.187 module=aws-source peer.address= protocol=grpc
2025-08-11T22:44:03Z INF started call grpc.component=server grpc.method=GetVersions grpc.method_type=unary grpc.service=cloudquery.discovery.v1.Discovery grpc.start_time=2025-08-11T17:44:03-05:00 grpc.time_ms=0.404 module=postgresql-destination peer.address= protocol=grpc
2025-08-11T22:44:03Z INF finished call grpc.code=OK grpc.component=server grpc.method=GetVersions grpc.method_type=unary grpc.service=cloudquery.discovery.v1.Discovery grpc.start_time=2025-08-11T17:44:03-05:00 grpc.time_ms=0.449 module=postgresql-destination peer.address= protocol=grpc
2025-08-11T22:44:03Z INF Start migration destinations=["postgresql (cloudquery/postgresql@v8.9.0)"] invocation_id=8a8451ac-95e2-45b3-a117-a0d2ac06cec3 migrate_time=2025-08-11T22:44:03Z module=cli source=aws transformers=[]
2025-08-11T22:44:03Z INF started call grpc.component=server grpc.method=Init grpc.method_type=unary grpc.service=cloudquery.plugin.v3.Plugin grpc.start_time=2025-08-11T17:44:03-05:00 grpc.time_ms=0.006 module=postgresql-destination peer.address= protocol=grpc
2025-08-11T22:44:03Z INF Initializing postgresql destination invocation_id=8a8451ac-95e2-45b3-a117-a0d2ac06cec3 module=pg-dest pgx_log_level=error
2025-08-11T22:44:03Z INF finished call grpc.code=OK grpc.component=server grpc.method=Init grpc.method_type=unary grpc.service=cloudquery.plugin.v3.Plugin grpc.start_time=2025-08-11T17:44:03-05:00 grpc.time_ms=22.942 module=postgresql-destination peer.address= protocol=grpc
2025-08-11T22:44:03Z INF started call grpc.component=server grpc.method=Init grpc.method_type=unary grpc.service=cloudquery.plugin.v3.Plugin grpc.start_time=2025-08-11T17:44:03-05:00 grpc.time_ms=0.006 module=aws-source peer.address= protocol=grpc
2025-08-11T22:44:03Z INF finished call grpc.code=OK grpc.component=server grpc.method=Init grpc.method_type=unary grpc.service=cloudquery.plugin.v3.Plugin grpc.start_time=2025-08-11T17:44:03-05:00 grpc.time_ms=234.556 module=aws-source peer.address= protocol=grpc
2025-08-11T22:44:03Z INF Start fetching resources destinations=["postgresql (cloudquery/postgresql@v8.9.0)"] invocation_id=8a8451ac-95e2-45b3-a117-a0d2ac06cec3 module=cli source="aws (cloudquery/aws@v32.36.0)"
2025-08-11T22:44:03Z INF started call grpc.component=server grpc.method=GetTables grpc.method_type=unary grpc.service=cloudquery.plugin.v3.Plugin grpc.start_time=2025-08-11T17:44:03-05:00 grpc.time_ms=0.005 module=aws-source peer.address= protocol=grpc
2025-08-11T22:44:03Z INF finished call grpc.code=OK grpc.component=server grpc.method=GetTables grpc.method_type=unary grpc.service=cloudquery.plugin.v3.Plugin grpc.start_time=2025-08-11T17:44:03-05:00 grpc.time_ms=1.137 module=aws-source peer.address= protocol=grpc
2025-08-11T22:44:03Z INF started call grpc.component=server grpc.method=Write grpc.method_type=client_stream grpc.service=cloudquery.plugin.v3.Plugin grpc.start_time=2025-08-11T17:44:03-05:00 grpc.time_ms=5.452 module=postgresql-destination peer.address= protocol=grpc
2025-08-11T22:44:03Z INF Migrating table invocation_id=8a8451ac-95e2-45b3-a117-a0d2ac06cec3 module=pg-dest table=aws_ec2_instances
2025-08-11T22:44:03Z INF Table exists, auto-migrating invocation_id=8a8451ac-95e2-45b3-a117-a0d2ac06cec3 module=pg-dest table=aws_ec2_instances
2025-08-11T22:44:03Z INF finished call grpc.code=OK grpc.component=server grpc.method=Write grpc.method_type=client_stream grpc.service=cloudquery.plugin.v3.Plugin grpc.start_time=2025-08-11T17:44:03-05:00 grpc.time_ms=22.083 module=postgresql-destination peer.address= protocol=grpc
2025-08-11T22:44:03Z INF started call grpc.component=server grpc.method=Close grpc.method_type=unary grpc.service=cloudquery.plugin.v3.Plugin grpc.start_time=2025-08-11T17:44:03-05:00 grpc.time_ms=0.003 module=postgresql-destination peer.address= protocol=grpc
2025-08-11T22:44:03Z INF finished call grpc.code=OK grpc.component=server grpc.method=Close grpc.method_type=unary grpc.service=cloudquery.plugin.v3.Plugin grpc.start_time=2025-08-11T17:44:03-05:00 grpc.time_ms=0.45 module=postgresql-destination peer.address= protocol=grpc
2025-08-11T22:44:03Z INF Migration completed successfully destinations=["postgresql"] invocation_id=8a8451ac-95e2-45b3-a117-a0d2ac06cec3 module=cli source=aws time_took=0.282802
2025-08-11T22:44:03Z INF End migration destinations=["postgresql (cloudquery/postgresql@v8.9.0)"] invocation_id=8a8451ac-95e2-45b3-a117-a0d2ac06cec3 migrate_time=2025-08-11T22:44:03Z module=cli source=aws transformers=[]
2025-08-11T22:44:03Z INF waiting for source plugin to terminate invocation_id=8a8451ac-95e2-45b3-a117-a0d2ac06cec3 module=cli
2025-08-11T22:44:03Z INF Got stop signal. Plugin server shutting down address=/var/folders/wx/wwj513_j22l4bq7hysvlj1sw0000gn/T/cq-DEKbqSWYRyJCUoSz.sock module=postgresql-destination signal=interrupt
2025-08-11T22:44:03Z INF waiting for source plugin to terminate invocation_id=8a8451ac-95e2-45b3-a117-a0d2ac06cec3 module=cli
2025-08-11T22:44:03Z INF Got stop signal. Plugin server shutting down address=/var/folders/wx/wwj513_j22l4bq7hysvlj1sw0000gn/T/cq-HBpHYNoolEhYLOQK.sock module=aws-source signal=interrupt
2025-08-11T22:44:08Z INF Loading spec(s) args=["aws_to_postgresql.yaml"] invocation_id=7b1aa7dc-aadc-48cb-afd9-0d3295a84224 module=cli
2025-08-11T22:44:09Z INF Plugin server listening address=/var/folders/wx/wwj513_j22l4bq7hysvlj1sw0000gn/T/cq-xMJKaAGwadpHvwrU.sock module=aws-source plugin=cloudquery/source/aws@v32.36.0
2025-08-11T22:44:10Z INF Plugin server listening address=/var/folders/wx/wwj513_j22l4bq7hysvlj1sw0000gn/T/cq-mNJHVRTprpSUlezg.sock module=postgresql-destination plugin=cloudquery/destination/postgresql@v8.9.0
2025-08-11T22:44:11Z INF started call grpc.component=server grpc.method=GetVersions grpc.method_type=unary grpc.service=cloudquery.discovery.v1.Discovery grpc.start_time=2025-08-11T17:44:11-05:00 grpc.time_ms=0.466 module=aws-source peer.address= protocol=grpc
2025-08-11T22:44:11Z INF finished call grpc.code=OK grpc.component=server grpc.method=GetVersions grpc.method_type=unary grpc.service=cloudquery.discovery.v1.Discovery grpc.start_time=2025-08-11T17:44:11-05:00 grpc.time_ms=0.525 module=aws-source peer.address= protocol=grpc
2025-08-11T22:44:11Z INF started call grpc.component=server grpc.method=GetVersions grpc.method_type=unary grpc.service=cloudquery.discovery.v1.Discovery grpc.start_time=2025-08-11T17:44:11-05:00 grpc.time_ms=0.236 module=postgresql-destination peer.address= protocol=grpc
2025-08-11T22:44:11Z INF finished call grpc.code=OK grpc.component=server grpc.method=GetVersions grpc.method_type=unary grpc.service=cloudquery.discovery.v1.Discovery grpc.start_time=2025-08-11T17:44:11-05:00 grpc.time_ms=0.278 module=postgresql-destination peer.address= protocol=grpc
2025-08-11T22:44:12Z INF Start sync destinations=["postgresql (cloudquery/postgresql@v8.9.0)"] invocation_id=7b1aa7dc-aadc-48cb-afd9-0d3295a84224 module=cli source="aws (cloudquery/aws@v32.36.0)" sync_time=2025-08-11T22:44:12Z transformers=[]
2025-08-11T22:44:12Z INF started call grpc.component=server grpc.method=Init grpc.method_type=unary grpc.service=cloudquery.plugin.v3.Plugin grpc.start_time=2025-08-11T17:44:12-05:00 grpc.time_ms=0.014 module=postgresql-destination peer.address= protocol=grpc
2025-08-11T22:44:12Z INF Initializing postgresql destination invocation_id=7b1aa7dc-aadc-48cb-afd9-0d3295a84224 module=pg-dest pgx_log_level=error
2025-08-11T22:44:12Z INF finished call grpc.code=OK grpc.component=server grpc.method=Init grpc.method_type=unary grpc.service=cloudquery.plugin.v3.Plugin grpc.start_time=2025-08-11T17:44:12-05:00 grpc.time_ms=22.09 module=postgresql-destination peer.address= protocol=grpc
2025-08-11T22:44:12Z INF started call grpc.component=server grpc.method=Init grpc.method_type=unary grpc.service=cloudquery.plugin.v3.Plugin grpc.start_time=2025-08-11T17:44:12-05:00 grpc.time_ms=0.008 module=aws-source peer.address= protocol=grpc
2025-08-11T22:44:12Z INF All regions specified in `cloudquery.yml`. Assuming all regions account=default invocation_id=7b1aa7dc-aadc-48cb-afd9-0d3295a84224 module=aws-source
2025-08-11T22:44:17Z ERR error retrieving credentials error="failed to refresh cached credentials, no EC2 IMDS role found, operation error ec2imds: GetMetadata, canceled, context deadline exceeded" account=default invocation_id=7b1aa7dc-aadc-48cb-afd9-0d3295a84224 module=aws-source
2025-08-11T22:44:17Z INF End sync destinations=["postgresql (cloudquery/postgresql@v8.9.0)"] invocation_id=7b1aa7dc-aadc-48cb-afd9-0d3295a84224 module=cli source="aws (cloudquery/aws@v32.36.0)" sync_time=2025-08-11T22:44:12Z transformers=[]
2025-08-11T22:44:17Z INF Sending sync summary to analyticsv1.cloudquery.io:443 invocation_id=7b1aa7dc-aadc-48cb-afd9-0d3295a84224 module=cli
2025-08-11T22:44:17Z WRN Could not retrieve credentials for account error="error retrieving AWS credentials (see logs for details). Please verify your credentials and try again" account=default invocation_id=7b1aa7dc-aadc-48cb-afd9-0d3295a84224 module=aws-source
2025-08-11T22:44:17Z ERR finished call grpc.code=Internal grpc.component=server grpc.error="rpc error: code = Internal desc = failed to init plugin: failed to initialize client: no AWS accounts were successfully configured. See warning messages in the logs for details" grpc.method=Init grpc.method_type=unary grpc.service=cloudquery.plugin.v3.Plugin grpc.start_time=2025-08-11T17:44:12-05:00 grpc.time_ms=5245.182 module=aws-source peer.address= protocol=grpc
2025-08-11T22:44:17Z INF waiting for source plugin to terminate invocation_id=7b1aa7dc-aadc-48cb-afd9-0d3295a84224 module=cli
2025-08-11T22:44:17Z INF Got stop signal. Plugin server shutting down address=/var/folders/wx/wwj513_j22l4bq7hysvlj1sw0000gn/T/cq-mNJHVRTprpSUlezg.sock module=postgresql-destination signal=interrupt
2025-08-11T22:44:17Z INF waiting for source plugin to terminate invocation_id=7b1aa7dc-aadc-48cb-afd9-0d3295a84224 module=cli
2025-08-11T22:44:17Z INF Got stop signal. Plugin server shutting down address=/var/folders/wx/wwj513_j22l4bq7hysvlj1sw0000gn/T/cq-xMJKaAGwadpHvwrU.sock module=aws-source signal=interrupt
2025-08-11T22:44:17Z ERR exiting with error error="failed to sync v3 source aws: failed to init source aws: rpc error: code = Internal desc = failed to init plugin: failed to initialize client: no AWS accounts were successfully configured. See warning messages in the logs for details" invocation_id=7b1aa7dc-aadc-48cb-afd9-0d3295a84224 module=cli
2025-08-11T22:46:36Z INF Loading spec(s) args=["aws_to_postgresql.yaml"] invocation_id=f8306e12-4c54-496d-8a6f-b6822ae1e6b2 module=cli
2025-08-11T22:46:37Z INF Plugin server listening address=/var/folders/wx/wwj513_j22l4bq7hysvlj1sw0000gn/T/cq-tNwZiyVFgrsHllwR.sock module=aws-source plugin=cloudquery/source/aws@v32.36.0
2025-08-11T22:46:38Z INF Plugin server listening address=/var/folders/wx/wwj513_j22l4bq7hysvlj1sw0000gn/T/cq-BQTpgidGIVqWTjML.sock module=postgresql-destination plugin=cloudquery/destination/postgresql@v8.9.0
2025-08-11T22:46:39Z INF started call grpc.component=server grpc.method=GetVersions grpc.method_type=unary grpc.service=cloudquery.discovery.v1.Discovery grpc.start_time=2025-08-11T17:46:39-05:00 grpc.time_ms=0.672 module=aws-source peer.address= protocol=grpc
2025-08-11T22:46:39Z INF finished call grpc.code=OK grpc.component=server grpc.method=GetVersions grpc.method_type=unary grpc.service=cloudquery.discovery.v1.Discovery grpc.start_time=2025-08-11T17:46:39-05:00 grpc.time_ms=0.91 module=aws-source peer.address= protocol=grpc
2025-08-11T22:46:39Z INF started call grpc.component=server grpc.method=GetVersions grpc.method_type=unary grpc.service=cloudquery.discovery.v1.Discovery grpc.start_time=2025-08-11T17:46:39-05:00 grpc.time_ms=0.382 module=postgresql-destination peer.address= protocol=grpc
2025-08-11T22:46:39Z INF finished call grpc.code=OK grpc.component=server grpc.method=GetVersions grpc.method_type=unary grpc.service=cloudquery.discovery.v1.Discovery grpc.start_time=2025-08-11T17:46:39-05:00 grpc.time_ms=0.426 module=postgresql-destination peer.address= protocol=grpc
2025-08-11T22:46:39Z INF Start migration destinations=["postgresql (cloudquery/postgresql@v8.9.0)"] invocation_id=f8306e12-4c54-496d-8a6f-b6822ae1e6b2 migrate_time=2025-08-11T22:46:39Z module=cli source=aws transformers=[]
2025-08-11T22:46:39Z INF started call grpc.component=server grpc.method=Init grpc.method_type=unary grpc.service=cloudquery.plugin.v3.Plugin grpc.start_time=2025-08-11T17:46:39-05:00 grpc.time_ms=0.006 module=postgresql-destination peer.address= protocol=grpc
2025-08-11T22:46:39Z INF Initializing postgresql destination invocation_id=f8306e12-4c54-496d-8a6f-b6822ae1e6b2 module=pg-dest pgx_log_level=error
2025-08-11T22:46:39Z INF finished call grpc.code=OK grpc.component=server grpc.method=Init grpc.method_type=unary grpc.service=cloudquery.plugin.v3.Plugin grpc.start_time=2025-08-11T17:46:39-05:00 grpc.time_ms=22.872 module=postgresql-destination peer.address= protocol=grpc
2025-08-11T22:46:39Z INF started call grpc.component=server grpc.method=Init grpc.method_type=unary grpc.service=cloudquery.plugin.v3.Plugin grpc.start_time=2025-08-11T17:46:39-05:00 grpc.time_ms=0.004 module=aws-source peer.address= protocol=grpc
2025-08-11T22:46:39Z INF finished call grpc.code=OK grpc.component=server grpc.method=Init grpc.method_type=unary grpc.service=cloudquery.plugin.v3.Plugin grpc.start_time=2025-08-11T17:46:39-05:00 grpc.time_ms=231.506 module=aws-source peer.address= protocol=grpc
2025-08-11T22:46:39Z INF Start fetching resources destinations=["postgresql (cloudquery/postgresql@v8.9.0)"] invocation_id=f8306e12-4c54-496d-8a6f-b6822ae1e6b2 module=cli source="aws (cloudquery/aws@v32.36.0)"
2025-08-11T22:46:39Z INF started call grpc.component=server grpc.method=GetTables grpc.method_type=unary grpc.service=cloudquery.plugin.v3.Plugin grpc.start_time=2025-08-11T17:46:39-05:00 grpc.time_ms=0.005 module=aws-source peer.address= protocol=grpc
2025-08-11T22:46:39Z INF finished call grpc.code=OK grpc.component=server grpc.method=GetTables grpc.method_type=unary grpc.service=cloudquery.plugin.v3.Plugin grpc.start_time=2025-08-11T17:46:39-05:00 grpc.time_ms=0.879 module=aws-source peer.address= protocol=grpc
2025-08-11T22:46:39Z INF started call grpc.component=server grpc.method=Write grpc.method_type=client_stream grpc.service=cloudquery.plugin.v3.Plugin grpc.start_time=2025-08-11T17:46:39-05:00 grpc.time_ms=4.295 module=postgresql-destination peer.address= protocol=grpc
2025-08-11T22:46:39Z INF Migrating table invocation_id=f8306e12-4c54-496d-8a6f-b6822ae1e6b2 module=pg-dest table=aws_ec2_instances
2025-08-11T22:46:39Z INF Table exists, auto-migrating invocation_id=f8306e12-4c54-496d-8a6f-b6822ae1e6b2 module=pg-dest table=aws_ec2_instances
2025-08-11T22:46:39Z INF finished call grpc.code=OK grpc.component=server grpc.method=Write grpc.method_type=client_stream grpc.service=cloudquery.plugin.v3.Plugin grpc.start_time=2025-08-11T17:46:39-05:00 grpc.time_ms=22.115 module=postgresql-destination peer.address= protocol=grpc
2025-08-11T22:46:39Z INF started call grpc.component=server grpc.method=Close grpc.method_type=unary grpc.service=cloudquery.plugin.v3.Plugin grpc.start_time=2025-08-11T17:46:39-05:00 grpc.time_ms=0.006 module=postgresql-destination peer.address= protocol=grpc
2025-08-11T22:46:39Z INF finished call grpc.code=OK grpc.component=server grpc.method=Close grpc.method_type=unary grpc.service=cloudquery.plugin.v3.Plugin grpc.start_time=2025-08-11T17:46:39-05:00 grpc.time_ms=0.455 module=postgresql-destination peer.address= protocol=grpc
2025-08-11T22:46:39Z INF Migration completed successfully destinations=["postgresql"] invocation_id=f8306e12-4c54-496d-8a6f-b6822ae1e6b2 module=cli source=aws time_took=0.279704
2025-08-11T22:46:39Z INF End migration destinations=["postgresql (cloudquery/postgresql@v8.9.0)"] invocation_id=f8306e12-4c54-496d-8a6f-b6822ae1e6b2 migrate_time=2025-08-11T22:46:39Z module=cli source=aws transformers=[]
2025-08-11T22:46:39Z INF waiting for source plugin to terminate invocation_id=f8306e12-4c54-496d-8a6f-b6822ae1e6b2 module=cli
2025-08-11T22:46:39Z INF Got stop signal. Plugin server shutting down address=/var/folders/wx/wwj513_j22l4bq7hysvlj1sw0000gn/T/cq-BQTpgidGIVqWTjML.sock module=postgresql-destination signal=interrupt
2025-08-11T22:46:39Z INF waiting for source plugin to terminate invocation_id=f8306e12-4c54-496d-8a6f-b6822ae1e6b2 module=cli
2025-08-11T22:46:39Z INF Got stop signal. Plugin server shutting down address=/var/folders/wx/wwj513_j22l4bq7hysvlj1sw0000gn/T/cq-tNwZiyVFgrsHllwR.sock module=aws-source signal=interrupt
2025-08-11T22:49:02Z INF Loading spec(s) args=["aws_to_postgresql.yaml"] invocation_id=d9f0e763-bb3b-4c76-8bb2-21ead9340495 module=cli
2025-08-11T22:49:04Z INF Plugin server listening address=/var/folders/wx/wwj513_j22l4bq7hysvlj1sw0000gn/T/cq-GvcrgXjSifEkwXPX.sock module=aws-source plugin=cloudquery/source/aws@v32.36.0
2025-08-11T22:49:05Z INF Plugin server listening address=/var/folders/wx/wwj513_j22l4bq7hysvlj1sw0000gn/T/cq-UXrZsHMmEnjqGYao.sock module=postgresql-destination plugin=cloudquery/destination/postgresql@v8.9.0
2025-08-11T22:49:06Z INF started call grpc.component=server grpc.method=GetVersions grpc.method_type=unary grpc.service=cloudquery.discovery.v1.Discovery grpc.start_time=2025-08-11T17:49:06-05:00 grpc.time_ms=0.485 module=aws-source peer.address= protocol=grpc
2025-08-11T22:49:06Z INF finished call grpc.code=OK grpc.component=server grpc.method=GetVersions grpc.method_type=unary grpc.service=cloudquery.discovery.v1.Discovery grpc.start_time=2025-08-11T17:49:06-05:00 grpc.time_ms=0.768 module=aws-source peer.address= protocol=grpc
2025-08-11T22:49:06Z INF started call grpc.component=server grpc.method=GetVersions grpc.method_type=unary grpc.service=cloudquery.discovery.v1.Discovery grpc.start_time=2025-08-11T17:49:06-05:00 grpc.time_ms=0.414 module=postgresql-destination peer.address= protocol=grpc
2025-08-11T22:49:06Z INF finished call grpc.code=OK grpc.component=server grpc.method=GetVersions grpc.method_type=unary grpc.service=cloudquery.discovery.v1.Discovery grpc.start_time=2025-08-11T17:49:06-05:00 grpc.time_ms=0.458 module=postgresql-destination peer.address= protocol=grpc
2025-08-11T22:49:06Z INF Start sync destinations=["postgresql (cloudquery/postgresql@v8.9.0)"] invocation_id=d9f0e763-bb3b-4c76-8bb2-21ead9340495 module=cli source="aws (cloudquery/aws@v32.36.0)" sync_time=2025-08-11T22:49:06Z transformers=[]
2025-08-11T22:49:06Z INF started call grpc.component=server grpc.method=Init grpc.method_type=unary grpc.service=cloudquery.plugin.v3.Plugin grpc.start_time=2025-08-11T17:49:06-05:00 grpc.time_ms=0.012 module=postgresql-destination peer.address= protocol=grpc
2025-08-11T22:49:06Z INF Initializing postgresql destination invocation_id=d9f0e763-bb3b-4c76-8bb2-21ead9340495 module=pg-dest pgx_log_level=error
2025-08-11T22:49:06Z INF finished call grpc.code=OK grpc.component=server grpc.method=Init grpc.method_type=unary grpc.service=cloudquery.plugin.v3.Plugin grpc.start_time=2025-08-11T17:49:06-05:00 grpc.time_ms=21.71 module=postgresql-destination peer.address= protocol=grpc
2025-08-11T22:49:06Z INF started call grpc.component=server grpc.method=Init grpc.method_type=unary grpc.service=cloudquery.plugin.v3.Plugin grpc.start_time=2025-08-11T17:49:06-05:00 grpc.time_ms=0.009 module=aws-source peer.address= protocol=grpc
2025-08-11T22:49:06Z INF All regions specified in `cloudquery.yml`. Assuming all regions account=default invocation_id=d9f0e763-bb3b-4c76-8bb2-21ead9340495 module=aws-source
2025-08-11T22:49:11Z ERR error retrieving credentials error="failed to refresh cached credentials, no EC2 IMDS role found, operation error ec2imds: GetMetadata, canceled, context deadline exceeded" account=default invocation_id=d9f0e763-bb3b-4c76-8bb2-21ead9340495 module=aws-source
2025-08-11T22:49:11Z WRN Could not retrieve credentials for account error="error retrieving AWS credentials (see logs for details). Please verify your credentials and try again" account=default invocation_id=d9f0e763-bb3b-4c76-8bb2-21ead9340495 module=aws-source
2025-08-11T22:49:11Z ERR finished call grpc.code=Internal grpc.component=server grpc.error="rpc error: code = Internal desc = failed to init plugin: failed to initialize client: no AWS accounts were successfully configured. See warning messages in the logs for details" grpc.method=Init grpc.method_type=unary grpc.service=cloudquery.plugin.v3.Plugin grpc.start_time=2025-08-11T17:49:06-05:00 grpc.time_ms=5248.91 module=aws-source peer.address= protocol=grpc
2025-08-11T22:49:11Z INF End sync destinations=["postgresql (cloudquery/postgresql@v8.9.0)"] invocation_id=d9f0e763-bb3b-4c76-8bb2-21ead9340495 module=cli source="aws (cloudquery/aws@v32.36.0)" sync_time=2025-08-11T22:49:06Z transformers=[]
2025-08-11T22:49:11Z INF Sending sync summary to analyticsv1.cloudquery.io:443 invocation_id=d9f0e763-bb3b-4c76-8bb2-21ead9340495 module=cli
2025-08-11T22:49:12Z INF waiting for source plugin to terminate invocation_id=d9f0e763-bb3b-4c76-8bb2-21ead9340495 module=cli
2025-08-11T22:49:12Z INF Got stop signal. Plugin server shutting down address=/var/folders/wx/wwj513_j22l4bq7hysvlj1sw0000gn/T/cq-UXrZsHMmEnjqGYao.sock module=postgresql-destination signal=interrupt
2025-08-11T22:49:12Z INF waiting for source plugin to terminate invocation_id=d9f0e763-bb3b-4c76-8bb2-21ead9340495 module=cli
2025-08-11T22:49:12Z INF Got stop signal. Plugin server shutting down address=/var/folders/wx/wwj513_j22l4bq7hysvlj1sw0000gn/T/cq-GvcrgXjSifEkwXPX.sock module=aws-source signal=interrupt
2025-08-11T22:49:12Z ERR exiting with error error="failed to sync v3 source aws: failed to init source aws: rpc error: code = Internal desc = failed to init plugin: failed to initialize client: no AWS accounts were successfully configured. See warning messages in the logs for details" invocation_id=d9f0e763-bb3b-4c76-8bb2-21ead9340495 module=cli
2025-08-11T22:50:27Z INF Loading spec(s) args=["aws_to_postgresql.yaml"] invocation_id=ad3b6210-ace8-45c2-a376-bcbb0fc5cd51 module=cli
2025-08-11T22:50:28Z INF Plugin server listening address=/var/folders/wx/wwj513_j22l4bq7hysvlj1sw0000gn/T/cq-CWgvrdVWqdGQUqRw.sock module=aws-source plugin=cloudquery/source/aws@v32.36.0
2025-08-11T22:50:29Z INF Plugin server listening address=/var/folders/wx/wwj513_j22l4bq7hysvlj1sw0000gn/T/cq-EmjIXHRBhkmIhAVT.sock module=postgresql-destination plugin=cloudquery/destination/postgresql@v8.9.0
2025-08-11T22:50:30Z INF started call grpc.component=server grpc.method=GetVersions grpc.method_type=unary grpc.service=cloudquery.discovery.v1.Discovery grpc.start_time=2025-08-11T17:50:30-05:00 grpc.time_ms=0.465 module=aws-source peer.address= protocol=grpc
2025-08-11T22:50:30Z INF finished call grpc.code=OK grpc.component=server grpc.method=GetVersions grpc.method_type=unary grpc.service=cloudquery.discovery.v1.Discovery grpc.start_time=2025-08-11T17:50:30-05:00 grpc.time_ms=0.713 module=aws-source peer.address= protocol=grpc
2025-08-11T22:50:30Z INF started call grpc.component=server grpc.method=GetVersions grpc.method_type=unary grpc.service=cloudquery.discovery.v1.Discovery grpc.start_time=2025-08-11T17:50:30-05:00 grpc.time_ms=0.566 module=postgresql-destination peer.address= protocol=grpc
2025-08-11T22:50:30Z INF finished call grpc.code=OK grpc.component=server grpc.method=GetVersions grpc.method_type=unary grpc.service=cloudquery.discovery.v1.Discovery grpc.start_time=2025-08-11T17:50:30-05:00 grpc.time_ms=0.804 module=postgresql-destination peer.address= protocol=grpc
2025-08-11T22:50:30Z INF Start sync destinations=["postgresql (cloudquery/postgresql@v8.9.0)"] invocation_id=ad3b6210-ace8-45c2-a376-bcbb0fc5cd51 module=cli source="aws (cloudquery/aws@v32.36.0)" sync_time=2025-08-11T22:50:30Z transformers=[]
2025-08-11T22:50:30Z INF started call grpc.component=server grpc.method=Init grpc.method_type=unary grpc.service=cloudquery.plugin.v3.Plugin grpc.start_time=2025-08-11T17:50:30-05:00 grpc.time_ms=0.009 module=postgresql-destination peer.address= protocol=grpc
2025-08-11T22:50:30Z INF Initializing postgresql destination invocation_id=ad3b6210-ace8-45c2-a376-bcbb0fc5cd51 module=pg-dest pgx_log_level=error
2025-08-11T22:50:30Z INF finished call grpc.code=OK grpc.component=server grpc.method=Init grpc.method_type=unary grpc.service=cloudquery.plugin.v3.Plugin grpc.start_time=2025-08-11T17:50:30-05:00 grpc.time_ms=26.412 module=postgresql-destination peer.address= protocol=grpc
2025-08-11T22:50:30Z INF started call grpc.component=server grpc.method=Init grpc.method_type=unary grpc.service=cloudquery.plugin.v3.Plugin grpc.start_time=2025-08-11T17:50:30-05:00 grpc.time_ms=0.01 module=aws-source peer.address= protocol=grpc
2025-08-11T22:50:30Z INF All regions specified in `cloudquery.yml`. Assuming all regions account=default invocation_id=ad3b6210-ace8-45c2-a376-bcbb0fc5cd51 module=aws-source
2025-08-11T22:50:35Z ERR error retrieving credentials error="failed to refresh cached credentials, no EC2 IMDS role found, operation error ec2imds: GetMetadata, canceled, context deadline exceeded" account=default invocation_id=ad3b6210-ace8-45c2-a376-bcbb0fc5cd51 module=aws-source
2025-08-11T22:50:35Z WRN Could not retrieve credentials for account error="error retrieving AWS credentials (see logs for details). Please verify your credentials and try again" account=default invocation_id=ad3b6210-ace8-45c2-a376-bcbb0fc5cd51 module=aws-source
2025-08-11T22:50:35Z ERR finished call grpc.code=Internal grpc.component=server grpc.error="rpc error: code = Internal desc = failed to init plugin: failed to initialize client: no AWS accounts were successfully configured. See warning messages in the logs for details" grpc.method=Init grpc.method_type=unary grpc.service=cloudquery.plugin.v3.Plugin grpc.start_time=2025-08-11T17:50:30-05:00 grpc.time_ms=5247.932 module=aws-source peer.address= protocol=grpc
2025-08-11T22:50:35Z INF End sync destinations=["postgresql (cloudquery/postgresql@v8.9.0)"] invocation_id=ad3b6210-ace8-45c2-a376-bcbb0fc5cd51 module=cli source="aws (cloudquery/aws@v32.36.0)" sync_time=2025-08-11T22:50:30Z transformers=[]
2025-08-11T22:50:35Z INF Sending sync summary to analyticsv1.cloudquery.io:443 invocation_id=ad3b6210-ace8-45c2-a376-bcbb0fc5cd51 module=cli
2025-08-11T22:50:35Z INF waiting for source plugin to terminate invocation_id=ad3b6210-ace8-45c2-a376-bcbb0fc5cd51 module=cli
2025-08-11T22:50:35Z INF Got stop signal. Plugin server shutting down address=/var/folders/wx/wwj513_j22l4bq7hysvlj1sw0000gn/T/cq-EmjIXHRBhkmIhAVT.sock module=postgresql-destination signal=interrupt
2025-08-11T22:50:35Z INF waiting for source plugin to terminate invocation_id=ad3b6210-ace8-45c2-a376-bcbb0fc5cd51 module=cli
2025-08-11T22:50:35Z INF Got stop signal. Plugin server shutting down address=/var/folders/wx/wwj513_j22l4bq7hysvlj1sw0000gn/T/cq-CWgvrdVWqdGQUqRw.sock module=aws-source signal=interrupt
2025-08-11T22:50:36Z ERR exiting with error error="failed to sync v3 source aws: failed to init source aws: rpc error: code = Internal desc = failed to init plugin: failed to initialize client: no AWS accounts were successfully configured. See warning messages in the logs for details" invocation_id=ad3b6210-ace8-45c2-a376-bcbb0fc5cd51 module=cli
2025-08-11T22:50:51Z INF Loading spec(s) args=["aws_to_postgresql.yaml"] invocation_id=10c6cbf6-a90c-4a11-bd2b-209272a4ab4c module=cli
2025-08-11T22:50:52Z INF Plugin server listening address=/var/folders/wx/wwj513_j22l4bq7hysvlj1sw0000gn/T/cq-BxHLrchVRMCkkYFt.sock module=aws-source plugin=cloudquery/source/aws@v32.36.0
2025-08-11T22:50:54Z INF Plugin server listening address=/var/folders/wx/wwj513_j22l4bq7hysvlj1sw0000gn/T/cq-jqSGfgmbBkVqVshX.sock module=postgresql-destination plugin=cloudquery/destination/postgresql@v8.9.0
2025-08-11T22:50:54Z INF started call grpc.component=server grpc.method=GetVersions grpc.method_type=unary grpc.service=cloudquery.discovery.v1.Discovery grpc.start_time=2025-08-11T17:50:54-05:00 grpc.time_ms=0.396 module=aws-source peer.address= protocol=grpc
2025-08-11T22:50:54Z INF finished call grpc.code=OK grpc.component=server grpc.method=GetVersions grpc.method_type=unary grpc.service=cloudquery.discovery.v1.Discovery grpc.start_time=2025-08-11T17:50:54-05:00 grpc.time_ms=0.459 module=aws-source peer.address= protocol=grpc
2025-08-11T22:50:55Z INF started call grpc.component=server grpc.method=GetVersions grpc.method_type=unary grpc.service=cloudquery.discovery.v1.Discovery grpc.start_time=2025-08-11T17:50:54-05:00 grpc.time_ms=0.228 module=postgresql-destination peer.address= protocol=grpc
2025-08-11T22:50:55Z INF finished call grpc.code=OK grpc.component=server grpc.method=GetVersions grpc.method_type=unary grpc.service=cloudquery.discovery.v1.Discovery grpc.start_time=2025-08-11T17:50:54-05:00 grpc.time_ms=0.262 module=postgresql-destination peer.address= protocol=grpc
2025-08-11T22:50:55Z INF Start sync destinations=["postgresql (cloudquery/postgresql@v8.9.0)"] invocation_id=10c6cbf6-a90c-4a11-bd2b-209272a4ab4c module=cli source="aws (cloudquery/aws@v32.36.0)" sync_time=2025-08-11T22:50:55Z transformers=[]
2025-08-11T22:50:55Z INF started call grpc.component=server grpc.method=Init grpc.method_type=unary grpc.service=cloudquery.plugin.v3.Plugin grpc.start_time=2025-08-11T17:50:55-05:00 grpc.time_ms=0.024 module=postgresql-destination peer.address= protocol=grpc
2025-08-11T22:50:55Z INF Initializing postgresql destination invocation_id=10c6cbf6-a90c-4a11-bd2b-209272a4ab4c module=pg-dest pgx_log_level=error
2025-08-11T22:50:55Z INF finished call grpc.code=OK grpc.component=server grpc.method=Init grpc.method_type=unary grpc.service=cloudquery.plugin.v3.Plugin grpc.start_time=2025-08-11T17:50:55-05:00 grpc.time_ms=23.305 module=postgresql-destination peer.address= protocol=grpc
2025-08-11T22:50:55Z INF started call grpc.component=server grpc.method=Init grpc.method_type=unary grpc.service=cloudquery.plugin.v3.Plugin grpc.start_time=2025-08-11T17:50:55-05:00 grpc.time_ms=0.02 module=aws-source peer.address= protocol=grpc
2025-08-11T22:50:55Z INF All regions specified in `cloudquery.yml`. Assuming all regions account=default invocation_id=10c6cbf6-a90c-4a11-bd2b-209272a4ab4c module=aws-source
2025-08-11T22:51:00Z ERR error retrieving credentials error="failed to refresh cached credentials, no EC2 IMDS role found, operation error ec2imds: GetMetadata, canceled, context deadline exceeded" account=default invocation_id=10c6cbf6-a90c-4a11-bd2b-209272a4ab4c module=aws-source
2025-08-11T22:51:00Z WRN Could not retrieve credentials for account error="error retrieving AWS credentials (see logs for details). Please verify your credentials and try again" account=default invocation_id=10c6cbf6-a90c-4a11-bd2b-209272a4ab4c module=aws-source
2025-08-11T22:51:00Z ERR finished call grpc.code=Internal grpc.component=server grpc.error="rpc error: code = Internal desc = failed to init plugin: failed to initialize client: no AWS accounts were successfully configured. See warning messages in the logs for details" grpc.method=Init grpc.method_type=unary grpc.service=cloudquery.plugin.v3.Plugin grpc.start_time=2025-08-11T17:50:55-05:00 grpc.time_ms=5235.525 module=aws-source peer.address= protocol=grpc
2025-08-11T22:51:00Z INF End sync destinations=["postgresql (cloudquery/postgresql@v8.9.0)"] invocation_id=10c6cbf6-a90c-4a11-bd2b-209272a4ab4c module=cli source="aws (cloudquery/aws@v32.36.0)" sync_time=2025-08-11T22:50:55Z transformers=[]
2025-08-11T22:51:00Z INF Sending sync summary to analyticsv1.cloudquery.io:443 invocation_id=10c6cbf6-a90c-4a11-bd2b-209272a4ab4c module=cli
2025-08-11T22:51:00Z INF waiting for source plugin to terminate invocation_id=10c6cbf6-a90c-4a11-bd2b-209272a4ab4c module=cli
2025-08-11T22:51:00Z INF Got stop signal. Plugin server shutting down address=/var/folders/wx/wwj513_j22l4bq7hysvlj1sw0000gn/T/cq-jqSGfgmbBkVqVshX.sock module=postgresql-destination signal=interrupt
2025-08-11T22:51:00Z INF waiting for source plugin to terminate invocation_id=10c6cbf6-a90c-4a11-bd2b-209272a4ab4c module=cli
2025-08-11T22:51:00Z INF Got stop signal. Plugin server shutting down address=/var/folders/wx/wwj513_j22l4bq7hysvlj1sw0000gn/T/cq-BxHLrchVRMCkkYFt.sock module=aws-source signal=interrupt
2025-08-11T22:51:00Z ERR exiting with error error="failed to sync v3 source aws: failed to init source aws: rpc error: code = Internal desc = failed to init plugin: failed to initialize client: no AWS accounts were successfully configured. See warning messages in the logs for details" invocation_id=10c6cbf6-a90c-4a11-bd2b-209272a4ab4c module=cli
2025-08-11T22:56:57Z INF Loading spec(s) args=["aws_to_postgresql.yaml"] invocation_id=487b40a9-d31d-4e6a-9b6e-a1930e8799e5 module=cli
2025-08-11T22:56:58Z INF Plugin server listening address=/var/folders/wx/wwj513_j22l4bq7hysvlj1sw0000gn/T/cq-pbitWHmzqHxxCFlj.sock module=aws-source plugin=cloudquery/source/aws@v32.36.0
2025-08-11T22:56:59Z INF Plugin server listening address=/var/folders/wx/wwj513_j22l4bq7hysvlj1sw0000gn/T/cq-HXbSfIBHSwjXyCIg.sock module=postgresql-destination plugin=cloudquery/destination/postgresql@v8.9.0
2025-08-11T22:57:00Z INF started call grpc.component=server grpc.method=GetVersions grpc.method_type=unary grpc.service=cloudquery.discovery.v1.Discovery grpc.start_time=2025-08-11T17:57:00-05:00 grpc.time_ms=0.706 module=aws-source peer.address= protocol=grpc
2025-08-11T22:57:00Z INF finished call grpc.code=OK grpc.component=server grpc.method=GetVersions grpc.method_type=unary grpc.service=cloudquery.discovery.v1.Discovery grpc.start_time=2025-08-11T17:57:00-05:00 grpc.time_ms=0.98 module=aws-source peer.address= protocol=grpc
2025-08-11T22:57:00Z INF started call grpc.component=server grpc.method=GetVersions grpc.method_type=unary grpc.service=cloudquery.discovery.v1.Discovery grpc.start_time=2025-08-11T17:57:00-05:00 grpc.time_ms=0.54 module=postgresql-destination peer.address= protocol=grpc
2025-08-11T22:57:00Z INF finished call grpc.code=OK grpc.component=server grpc.method=GetVersions grpc.method_type=unary grpc.service=cloudquery.discovery.v1.Discovery grpc.start_time=2025-08-11T17:57:00-05:00 grpc.time_ms=0.745 module=postgresql-destination peer.address= protocol=grpc
2025-08-11T22:57:00Z INF Start sync destinations=["postgresql (cloudquery/postgresql@v8.9.0)"] invocation_id=487b40a9-d31d-4e6a-9b6e-a1930e8799e5 module=cli source="aws (cloudquery/aws@v32.36.0)" sync_time=2025-08-11T22:57:00Z transformers=[]
2025-08-11T22:57:00Z INF started call grpc.component=server grpc.method=Init grpc.method_type=unary grpc.service=cloudquery.plugin.v3.Plugin grpc.start_time=2025-08-11T17:57:00-05:00 grpc.time_ms=0.011 module=postgresql-destination peer.address= protocol=grpc
2025-08-11T22:57:00Z INF Initializing postgresql destination invocation_id=487b40a9-d31d-4e6a-9b6e-a1930e8799e5 module=pg-dest pgx_log_level=error
2025-08-11T22:57:00Z INF finished call grpc.code=OK grpc.component=server grpc.method=Init grpc.method_type=unary grpc.service=cloudquery.plugin.v3.Plugin grpc.start_time=2025-08-11T17:57:00-05:00 grpc.time_ms=23.996 module=postgresql-destination peer.address= protocol=grpc
2025-08-11T22:57:00Z INF started call grpc.component=server grpc.method=Init grpc.method_type=unary grpc.service=cloudquery.plugin.v3.Plugin grpc.start_time=2025-08-11T17:57:00-05:00 grpc.time_ms=0.009 module=aws-source peer.address= protocol=grpc
2025-08-11T22:57:00Z INF All regions specified in `cloudquery.yml`. Assuming all regions account=default invocation_id=487b40a9-d31d-4e6a-9b6e-a1930e8799e5 module=aws-source
2025-08-11T22:57:05Z ERR error retrieving credentials error="failed to refresh cached credentials, no EC2 IMDS role found, operation error ec2imds: GetMetadata, canceled, context deadline exceeded" account=default invocation_id=487b40a9-d31d-4e6a-9b6e-a1930e8799e5 module=aws-source
2025-08-11T22:57:05Z WRN Could not retrieve credentials for account error="error retrieving AWS credentials (see logs for details). Please verify your credentials and try again" account=default invocation_id=487b40a9-d31d-4e6a-9b6e-a1930e8799e5 module=aws-source
2025-08-11T22:57:05Z ERR finished call grpc.code=Internal grpc.component=server grpc.error="rpc error: code = Internal desc = failed to init plugin: failed to initialize client: no AWS accounts were successfully configured. See warning messages in the logs for details" grpc.method=Init grpc.method_type=unary grpc.service=cloudquery.plugin.v3.Plugin grpc.start_time=2025-08-11T17:57:00-05:00 grpc.time_ms=5248.258 module=aws-source peer.address= protocol=grpc
2025-08-11T22:57:05Z INF End sync destinations=["postgresql (cloudquery/postgresql@v8.9.0)"] invocation_id=487b40a9-d31d-4e6a-9b6e-a1930e8799e5 module=cli source="aws (cloudquery/aws@v32.36.0)" sync_time=2025-08-11T22:57:00Z transformers=[]
2025-08-11T22:57:05Z INF Sending sync summary to analyticsv1.cloudquery.io:443 invocation_id=487b40a9-d31d-4e6a-9b6e-a1930e8799e5 module=cli
2025-08-11T22:57:06Z INF waiting for source plugin to terminate invocation_id=487b40a9-d31d-4e6a-9b6e-a1930e8799e5 module=cli
2025-08-11T22:57:06Z INF Got stop signal. Plugin server shutting down address=/var/folders/wx/wwj513_j22l4bq7hysvlj1sw0000gn/T/cq-HXbSfIBHSwjXyCIg.sock module=postgresql-destination signal=interrupt
2025-08-11T22:57:06Z INF waiting for source plugin to terminate invocation_id=487b40a9-d31d-4e6a-9b6e-a1930e8799e5 module=cli
2025-08-11T22:57:06Z INF Got stop signal. Plugin server shutting down address=/var/folders/wx/wwj513_j22l4bq7hysvlj1sw0000gn/T/cq-pbitWHmzqHxxCFlj.sock module=aws-source signal=interrupt
2025-08-11T22:57:06Z ERR exiting with error error="failed to sync v3 source aws: failed to init source aws: rpc error: code = Internal desc = failed to init plugin: failed to initialize client: no AWS accounts were successfully configured. See warning messages in the logs for details" invocation_id=487b40a9-d31d-4e6a-9b6e-a1930e8799e5 module=cli
2025-08-11T22:59:01Z INF Loading spec(s) args=["aws_to_postgresql.yaml"] invocation_id=49645cb5-c272-42a2-965a-176e8abb3b7c module=cli
2025-08-11T22:59:02Z INF Plugin server listening address=/var/folders/wx/wwj513_j22l4bq7hysvlj1sw0000gn/T/cq-RnBHVGSwrNYYwnHp.sock module=aws-source plugin=cloudquery/source/aws@v32.36.0
2025-08-11T22:59:03Z INF Plugin server listening address=/var/folders/wx/wwj513_j22l4bq7hysvlj1sw0000gn/T/cq-XsLHOIwxPDCudwRZ.sock module=postgresql-destination plugin=cloudquery/destination/postgresql@v8.9.0
2025-08-11T22:59:04Z INF started call grpc.component=server grpc.method=GetVersions grpc.method_type=unary grpc.service=cloudquery.discovery.v1.Discovery grpc.start_time=2025-08-11T17:59:04-05:00 grpc.time_ms=0.671 module=aws-source peer.address= protocol=grpc
2025-08-11T22:59:04Z INF finished call grpc.code=OK grpc.component=server grpc.method=GetVersions grpc.method_type=unary grpc.service=cloudquery.discovery.v1.Discovery grpc.start_time=2025-08-11T17:59:04-05:00 grpc.time_ms=0.92 module=aws-source peer.address= protocol=grpc
2025-08-11T22:59:04Z INF started call grpc.component=server grpc.method=GetVersions grpc.method_type=unary grpc.service=cloudquery.discovery.v1.Discovery grpc.start_time=2025-08-11T17:59:04-05:00 grpc.time_ms=0.456 module=postgresql-destination peer.address= protocol=grpc
2025-08-11T22:59:04Z INF finished call grpc.code=OK grpc.component=server grpc.method=GetVersions grpc.method_type=unary grpc.service=cloudquery.discovery.v1.Discovery grpc.start_time=2025-08-11T17:59:04-05:00 grpc.time_ms=0.686 module=postgresql-destination peer.address= protocol=grpc
2025-08-11T22:59:04Z INF Start sync destinations=["postgresql (cloudquery/postgresql@v8.9.0)"] invocation_id=49645cb5-c272-42a2-965a-176e8abb3b7c module=cli source="aws (cloudquery/aws@v32.36.0)" sync_time=2025-08-11T22:59:04Z transformers=[]
2025-08-11T22:59:04Z INF started call grpc.component=server grpc.method=Init grpc.method_type=unary grpc.service=cloudquery.plugin.v3.Plugin grpc.start_time=2025-08-11T17:59:04-05:00 grpc.time_ms=0.011 module=postgresql-destination peer.address= protocol=grpc
2025-08-11T22:59:04Z INF Initializing postgresql destination invocation_id=49645cb5-c272-42a2-965a-176e8abb3b7c module=pg-dest pgx_log_level=error
2025-08-11T22:59:04Z INF finished call grpc.code=OK grpc.component=server grpc.method=Init grpc.method_type=unary grpc.service=cloudquery.plugin.v3.Plugin grpc.start_time=2025-08-11T17:59:04-05:00 grpc.time_ms=25.202 module=postgresql-destination peer.address= protocol=grpc
2025-08-11T22:59:04Z INF started call grpc.component=server grpc.method=Init grpc.method_type=unary grpc.service=cloudquery.plugin.v3.Plugin grpc.start_time=2025-08-11T17:59:04-05:00 grpc.time_ms=0.01 module=aws-source peer.address= protocol=grpc
2025-08-11T22:59:04Z INF All regions specified in `cloudquery.yml`. Assuming all regions account=default invocation_id=49645cb5-c272-42a2-965a-176e8abb3b7c module=aws-source
2025-08-11T22:59:05Z INF finished call grpc.code=OK grpc.component=server grpc.method=Init grpc.method_type=unary grpc.service=cloudquery.plugin.v3.Plugin grpc.start_time=2025-08-11T17:59:04-05:00 grpc.time_ms=1063.622 module=aws-source peer.address= protocol=grpc
2025-08-11T22:59:05Z INF Start fetching resources destinations=["postgresql (cloudquery/postgresql@v8.9.0)"] invocation_id=49645cb5-c272-42a2-965a-176e8abb3b7c module=cli source="aws (cloudquery/aws@v32.36.0)"
2025-08-11T22:59:05Z INF started call grpc.component=server grpc.method=Sync grpc.method_type=server_stream grpc.service=cloudquery.plugin.v3.Plugin grpc.start_time=2025-08-11T17:59:05-05:00 grpc.time_ms=0.458 module=aws-source peer.address= protocol=grpc
2025-08-11T22:59:06Z INF top level table resolver started client=615713231484:ap-southeast-2 invocation_id=49645cb5-c272-42a2-965a-176e8abb3b7c module=aws-source table=aws_ec2_instances
2025-08-11T22:59:06Z INF top level table resolver started client=615713231484:sa-east-1 invocation_id=49645cb5-c272-42a2-965a-176e8abb3b7c module=aws-source table=aws_ec2_instances
2025-08-11T22:59:06Z INF top level table resolver started client=615713231484:ap-south-1 invocation_id=49645cb5-c272-42a2-965a-176e8abb3b7c module=aws-source table=aws_ec2_instances
2025-08-11T22:59:06Z INF top level table resolver started client=615713231484:us-west-2 invocation_id=49645cb5-c272-42a2-965a-176e8abb3b7c module=aws-source table=aws_ec2_instances
2025-08-11T22:59:06Z INF top level table resolver started client=615713231484:ap-northeast-1 invocation_id=49645cb5-c272-42a2-965a-176e8abb3b7c module=aws-source table=aws_ec2_instances
2025-08-11T22:59:06Z INF top level table resolver started client=615713231484:ap-northeast-3 invocation_id=49645cb5-c272-42a2-965a-176e8abb3b7c module=aws-source table=aws_ec2_instances
2025-08-11T22:59:06Z INF top level table resolver started client=615713231484:eu-west-3 invocation_id=49645cb5-c272-42a2-965a-176e8abb3b7c module=aws-source table=aws_ec2_instances
2025-08-11T22:59:06Z INF top level table resolver started client=615713231484:ap-southeast-1 invocation_id=49645cb5-c272-42a2-965a-176e8abb3b7c module=aws-source table=aws_ec2_instances
2025-08-11T22:59:06Z INF top level table resolver started client=615713231484:ap-northeast-2 invocation_id=49645cb5-c272-42a2-965a-176e8abb3b7c module=aws-source table=aws_ec2_instances
2025-08-11T22:59:06Z INF top level table resolver started client=615713231484:us-west-1 invocation_id=49645cb5-c272-42a2-965a-176e8abb3b7c module=aws-source table=aws_ec2_instances
2025-08-11T22:59:06Z INF top level table resolver started client=615713231484:us-east-2 invocation_id=49645cb5-c272-42a2-965a-176e8abb3b7c module=aws-source table=aws_ec2_instances
2025-08-11T22:59:06Z INF top level table resolver started client=615713231484:eu-west-2 invocation_id=49645cb5-c272-42a2-965a-176e8abb3b7c module=aws-source table=aws_ec2_instances
2025-08-11T22:59:06Z INF top level table resolver started client=615713231484:eu-north-1 invocation_id=49645cb5-c272-42a2-965a-176e8abb3b7c module=aws-source table=aws_ec2_instances
2025-08-11T22:59:06Z INF top level table resolver started client=615713231484:eu-central-1 invocation_id=49645cb5-c272-42a2-965a-176e8abb3b7c module=aws-source table=aws_ec2_instances
2025-08-11T22:59:06Z INF top level table resolver started client=615713231484:ca-central-1 invocation_id=49645cb5-c272-42a2-965a-176e8abb3b7c module=aws-source table=aws_ec2_instances
2025-08-11T22:59:06Z INF top level table resolver started client=615713231484:eu-west-1 invocation_id=49645cb5-c272-42a2-965a-176e8abb3b7c module=aws-source table=aws_ec2_instances
2025-08-11T22:59:06Z INF top level table resolver started client=615713231484:us-east-1 invocation_id=49645cb5-c272-42a2-965a-176e8abb3b7c module=aws-source table=aws_ec2_instances
2025-08-11T22:59:06Z INF started call grpc.component=server grpc.method=Write grpc.method_type=client_stream grpc.service=cloudquery.plugin.v3.Plugin grpc.start_time=2025-08-11T17:59:05-05:00 grpc.time_ms=538.559 module=postgresql-destination peer.address= protocol=grpc
2025-08-11T22:59:06Z INF table sync finished client=615713231484:us-east-1 duration_ms=424.64925 errors=0 invocation_id=49645cb5-c272-42a2-965a-176e8abb3b7c module=aws-source resources=0 table=aws_ec2_instances
2025-08-11T22:59:07Z INF table sync finished client=615713231484:us-east-2 duration_ms=745.78925 errors=0 invocation_id=49645cb5-c272-42a2-965a-176e8abb3b7c module=aws-source resources=0 table=aws_ec2_instances
2025-08-11T22:59:07Z INF table sync finished client=615713231484:ca-central-1 duration_ms=811.997333 errors=0 invocation_id=49645cb5-c272-42a2-965a-176e8abb3b7c module=aws-source resources=0 table=aws_ec2_instances
2025-08-11T22:59:07Z INF table sync finished client=615713231484:us-west-1 duration_ms=921.545708 errors=0 invocation_id=49645cb5-c272-42a2-965a-176e8abb3b7c module=aws-source resources=0 table=aws_ec2_instances
2025-08-11T22:59:07Z INF table sync finished client=615713231484:us-west-2 duration_ms=921.693 errors=0 invocation_id=49645cb5-c272-42a2-965a-176e8abb3b7c module=aws-source resources=0 table=aws_ec2_instances
2025-08-11T22:59:07Z INF table sync finished client=615713231484:eu-west-3 duration_ms=1036.787333 errors=0 invocation_id=49645cb5-c272-42a2-965a-176e8abb3b7c module=aws-source resources=0 table=aws_ec2_instances
2025-08-11T22:59:07Z INF table sync finished client=615713231484:eu-central-1 duration_ms=1072.769292 errors=0 invocation_id=49645cb5-c272-42a2-965a-176e8abb3b7c module=aws-source resources=0 table=aws_ec2_instances
2025-08-11T22:59:07Z INF table sync finished client=615713231484:eu-west-1 duration_ms=1137.512708 errors=0 invocation_id=49645cb5-c272-42a2-965a-176e8abb3b7c module=aws-source resources=0 table=aws_ec2_instances
2025-08-11T22:59:07Z INF table sync finished client=615713231484:eu-north-1 duration_ms=1153.923666 errors=0 invocation_id=49645cb5-c272-42a2-965a-176e8abb3b7c module=aws-source resources=0 table=aws_ec2_instances
2025-08-11T22:59:07Z INF table sync finished client=615713231484:ap-northeast-1 duration_ms=1173.951917 errors=0 invocation_id=49645cb5-c272-42a2-965a-176e8abb3b7c module=aws-source resources=0 table=aws_ec2_instances
2025-08-11T22:59:07Z INF table sync finished client=615713231484:sa-east-1 duration_ms=1182.366791 errors=0 invocation_id=49645cb5-c272-42a2-965a-176e8abb3b7c module=aws-source resources=0 table=aws_ec2_instances
2025-08-11T22:59:07Z INF table sync finished client=615713231484:eu-west-2 duration_ms=1193.531458 errors=0 invocation_id=49645cb5-c272-42a2-965a-176e8abb3b7c module=aws-source resources=0 table=aws_ec2_instances
2025-08-11T22:59:07Z INF table sync finished client=615713231484:ap-northeast-3 duration_ms=1288.513167 errors=0 invocation_id=49645cb5-c272-42a2-965a-176e8abb3b7c module=aws-source resources=0 table=aws_ec2_instances
2025-08-11T22:59:07Z INF table sync finished client=615713231484:ap-southeast-2 duration_ms=1310.424167 errors=0 invocation_id=49645cb5-c272-42a2-965a-176e8abb3b7c module=aws-source resources=0 table=aws_ec2_instances
2025-08-11T22:59:07Z INF table sync finished client=615713231484:ap-northeast-2 duration_ms=1323.784375 errors=0 invocation_id=49645cb5-c272-42a2-965a-176e8abb3b7c module=aws-source resources=0 table=aws_ec2_instances
2025-08-11T22:59:07Z INF table sync finished client=615713231484:ap-south-1 duration_ms=1591.371708 errors=0 invocation_id=49645cb5-c272-42a2-965a-176e8abb3b7c module=aws-source resources=0 table=aws_ec2_instances
2025-08-11T22:59:08Z INF table sync finished client=615713231484:ap-southeast-1 duration_ms=1768.604083 errors=0 invocation_id=49645cb5-c272-42a2-965a-176e8abb3b7c module=aws-source resources=0 table=aws_ec2_instances
2025-08-11T22:59:08Z INF finished call grpc.code=OK grpc.component=server grpc.method=Sync grpc.method_type=server_stream grpc.service=cloudquery.plugin.v3.Plugin grpc.start_time=2025-08-11T17:59:05-05:00 grpc.time_ms=2297.526 module=aws-source peer.address= protocol=grpc
2025-08-11T22:59:08Z INF Sync summary invocation_id=49645cb5-c272-42a2-965a-176e8abb3b7c module=cli summary={"cli_version":"6.27.0","destination_errors":0,"destination_name":"postgresql","destination_path":"cloudquery/postgresql","destination_version":"v8.9.0","destination_warnings":0,"errors_per_table":{"aws_ec2_instances":0},"resources":0,"resources_per_table":{"aws_ec2_instances":0},"source_errors":0,"source_name":"aws","source_path":"cloudquery/aws","source_tables":["aws_ec2_instances"],"source_version":"v32.36.0","source_warnings":0,"sync_id":"49645cb5-c272-42a2-965a-176e8abb3b7c","sync_time":"2025-08-11T22:59:04.705613Z"}
2025-08-11T22:59:08Z INF Migrating table invocation_id=49645cb5-c272-42a2-965a-176e8abb3b7c module=pg-dest table=aws_ec2_instances
2025-08-11T22:59:08Z INF Table exists, auto-migrating invocation_id=49645cb5-c272-42a2-965a-176e8abb3b7c module=pg-dest table=aws_ec2_instances
2025-08-11T22:59:08Z INF finished call grpc.code=OK grpc.component=server grpc.method=Write grpc.method_type=client_stream grpc.service=cloudquery.plugin.v3.Plugin grpc.start_time=2025-08-11T17:59:05-05:00 grpc.time_ms=3026.094 module=postgresql-destination peer.address= protocol=grpc
2025-08-11T22:59:08Z INF started call grpc.component=server grpc.method=Close grpc.method_type=unary grpc.service=cloudquery.plugin.v3.Plugin grpc.start_time=2025-08-11T17:59:08-05:00 grpc.time_ms=0.01 module=postgresql-destination peer.address= protocol=grpc
2025-08-11T22:59:08Z INF finished call grpc.code=OK grpc.component=server grpc.method=Close grpc.method_type=unary grpc.service=cloudquery.plugin.v3.Plugin grpc.start_time=2025-08-11T17:59:08-05:00 grpc.time_ms=0.485 module=postgresql-destination peer.address= protocol=grpc
2025-08-11T22:59:08Z INF Sync summary duration=4s errors=0 invocation_id=49645cb5-c272-42a2-965a-176e8abb3b7c module=cli resources=0 result="Sync completed successfully" warnings=0
2025-08-11T22:59:08Z INF End sync destinations=["postgresql (cloudquery/postgresql@v8.9.0)"] invocation_id=49645cb5-c272-42a2-965a-176e8abb3b7c module=cli source="aws (cloudquery/aws@v32.36.0)" sync_time=2025-08-11T22:59:04Z transformers=[]
2025-08-11T22:59:08Z INF Sending sync summary to analyticsv1.cloudquery.io:443 invocation_id=49645cb5-c272-42a2-965a-176e8abb3b7c module=cli
2025-08-11T22:59:08Z INF waiting for source plugin to terminate invocation_id=49645cb5-c272-42a2-965a-176e8abb3b7c module=cli
2025-08-11T22:59:08Z INF Got stop signal. Plugin server shutting down address=/var/folders/wx/wwj513_j22l4bq7hysvlj1sw0000gn/T/cq-XsLHOIwxPDCudwRZ.sock module=postgresql-destination signal=interrupt
2025-08-11T22:59:08Z INF waiting for source plugin to terminate invocation_id=49645cb5-c272-42a2-965a-176e8abb3b7c module=cli
2025-08-11T22:59:08Z INF Got stop signal. Plugin server shutting down address=/var/folders/wx/wwj513_j22l4bq7hysvlj1sw0000gn/T/cq-RnBHVGSwrNYYwnHp.sock module=aws-source signal=interrupt
